<?xml version="1.0" encoding="utf-8"?>
<CoverageSession xmlns:xsd="http://www.w3.org/2001/XMLSchema" xmlns:xsi="http://www.w3.org/2001/XMLSchema-instance">
  <Summary numSequencePoints="0" visitedSequencePoints="0" numBranchPoints="0" visitedBranchPoints="0" sequenceCoverage="0" branchCoverage="0" maxCyclomaticComplexity="0" minCyclomaticComplexity="0" visitedClasses="0" numClasses="0" visitedMethods="0" numMethods="0" />
  <Modules>
    <Module skippedDueTo="Filter" hash="F6-70-5A-4A-3D-3B-8F-AB-38-1B-F7-15-8E-65-3E-CC-49-18-6A-EB">
      <ModulePath>C:\Program Files\dotnet\shared\Microsoft.NETCore.App\1.1.2\System.Private.CoreLib.ni.dll</ModulePath>
      <ModuleTime>2017-04-28T10:14:44Z</ModuleTime>
      <ModuleName>System.Private.CoreLib</ModuleName>
      <Classes />
    </Module>
    <Module skippedDueTo="MissingPdb" hash="7C-14-BD-3D-65-43-69-69-E6-BF-9C-5A-33-56-67-FF-47-1A-62-19">
      <ModulePath>C:\Program Files\dotnet\sdk\1.0.4\dotnet.dll</ModulePath>
      <ModuleTime>2017-05-04T13:17:40Z</ModuleTime>
      <ModuleName>dotnet</ModuleName>
      <Classes />
    </Module>
    <Module skippedDueTo="Filter" hash="10-F6-CF-D1-77-DC-83-45-0F-A7-94-89-E8-58-1A-94-0F-2D-39-99">
      <ModulePath>C:\Program Files\dotnet\shared\Microsoft.NETCore.App\1.1.2\System.Runtime.dll</ModulePath>
      <ModuleTime>2017-04-28T10:14:42Z</ModuleTime>
      <ModuleName>System.Runtime</ModuleName>
      <Classes />
    </Module>
    <Module skippedDueTo="Filter" hash="27-FD-01-1F-7F-91-44-AA-26-6D-B2-BA-60-A7-6F-B8-A6-7B-C4-87">
      <ModulePath>C:\Program Files\dotnet\shared\Microsoft.NETCore.App\1.1.2\mscorlib.dll</ModulePath>
      <ModuleTime>2017-04-11T08:56:10Z</ModuleTime>
      <ModuleName>mscorlib</ModuleName>
      <Classes />
    </Module>
    <Module skippedDueTo="MissingPdb" hash="6F-DF-E1-12-55-10-25-92-1E-08-38-99-29-E1-D4-F3-EC-1D-10-42">
      <ModulePath>C:\Program Files\dotnet\sdk\1.0.4\Microsoft.DotNet.Cli.Utils.dll</ModulePath>
      <ModuleTime>2017-05-04T13:17:40Z</ModuleTime>
      <ModuleName>Microsoft.DotNet.Cli.Utils</ModuleName>
      <Classes />
    </Module>
    <Module skippedDueTo="Filter" hash="47-FA-BA-22-0D-94-47-3C-1E-3F-37-5C-92-22-E2-D7-C4-D6-3B-98">
      <ModulePath>C:\Program Files\dotnet\shared\Microsoft.NETCore.App\1.1.2\System.Runtime.Extensions.dll</ModulePath>
      <ModuleTime>2017-04-28T10:14:42Z</ModuleTime>
      <ModuleName>System.Runtime.Extensions</ModuleName>
      <Classes />
    </Module>
    <Module skippedDueTo="Filter" hash="40-BC-A0-8B-FC-4B-6D-93-EC-A2-4F-36-D2-E1-21-59-B7-5F-BB-FF">
      <ModulePath>C:\Program Files\dotnet\shared\Microsoft.NETCore.App\1.1.2\System.Runtime.InteropServices.RuntimeInformation.dll</ModulePath>
      <ModuleTime>2017-04-28T10:14:42Z</ModuleTime>
      <ModuleName>System.Runtime.InteropServices.RuntimeInformation</ModuleName>
      <Classes />
    </Module>
    <Module skippedDueTo="Filter" hash="3B-D7-1E-C0-84-4C-02-CB-97-4A-8E-2A-A0-0A-52-F7-08-D3-F0-8A">
      <ModulePath>C:\Program Files\dotnet\shared\Microsoft.NETCore.App\1.1.2\System.Reflection.Extensions.dll</ModulePath>
      <ModuleTime>2017-04-28T10:14:42Z</ModuleTime>
      <ModuleName>System.Reflection.Extensions</ModuleName>
      <Classes />
    </Module>
    <Module skippedDueTo="Filter" hash="55-88-D6-46-7F-54-65-DB-60-06-A3-82-60-D8-40-FB-BC-EC-D5-81">
      <ModulePath>C:\Program Files\dotnet\shared\Microsoft.NETCore.App\1.1.2\System.Reflection.dll</ModulePath>
      <ModuleTime>2017-04-28T10:14:42Z</ModuleTime>
      <ModuleName>System.Reflection</ModuleName>
      <Classes />
    </Module>
    <Module skippedDueTo="MissingPdb" hash="CD-0E-F9-3C-4B-0E-27-4D-57-01-09-69-41-3A-A0-45-30-28-38-55">
      <ModulePath>C:\Program Files\dotnet\sdk\1.0.4\Microsoft.DotNet.PlatformAbstractions.dll</ModulePath>
      <ModuleTime>2017-05-04T13:17:40Z</ModuleTime>
      <ModuleName>Microsoft.DotNet.PlatformAbstractions</ModuleName>
      <Classes />
    </Module>
    <Module skippedDueTo="Filter" hash="E3-3A-F1-CA-2D-90-BC-45-47-78-DC-4D-07-A5-90-1A-74-68-AC-FE">
      <ModulePath>C:\Program Files\dotnet\shared\Microsoft.NETCore.App\1.1.2\System.Runtime.InteropServices.dll</ModulePath>
      <ModuleTime>2017-04-28T10:14:42Z</ModuleTime>
      <ModuleName>System.Runtime.InteropServices</ModuleName>
      <Classes />
    </Module>
    <Module skippedDueTo="Filter" hash="DB-F6-C2-1A-63-0D-74-B8-1B-CC-5D-59-8D-EA-2C-09-55-13-40-1D">
      <ModulePath>C:\Program Files\dotnet\shared\Microsoft.NETCore.App\1.1.2\System.IO.FileSystem.dll</ModulePath>
      <ModuleTime>2017-04-28T10:14:42Z</ModuleTime>
      <ModuleName>System.IO.FileSystem</ModuleName>
      <Classes />
    </Module>
    <Module skippedDueTo="Filter" hash="78-80-49-A8-7E-78-47-11-2F-9D-DF-26-A7-C7-23-0B-07-D3-78-A0">
      <ModulePath>C:\Program Files\dotnet\shared\Microsoft.NETCore.App\1.1.2\System.IO.FileSystem.Primitives.dll</ModulePath>
      <ModuleTime>2017-04-28T10:14:42Z</ModuleTime>
      <ModuleName>System.IO.FileSystem.Primitives</ModuleName>
      <Classes />
    </Module>
    <Module skippedDueTo="Filter" hash="F3-70-6B-67-DF-E6-5C-1D-D6-F8-AB-B5-FA-33-AD-F0-00-C9-34-CB">
      <ModulePath>C:\Program Files\dotnet\shared\Microsoft.NETCore.App\1.1.2\System.Runtime.Loader.dll</ModulePath>
      <ModuleTime>2017-04-28T10:14:42Z</ModuleTime>
      <ModuleName>System.Runtime.Loader</ModuleName>
      <Classes />
    </Module>
    <Module skippedDueTo="Filter" hash="DA-04-EC-12-00-E2-9D-10-9B-21-EC-08-06-D9-0A-28-F4-F1-8A-2E">
      <ModulePath>C:\Program Files\dotnet\sdk\1.0.4\runtimes\win\lib\netstandard1.3\System.Text.Encoding.CodePages.dll</ModulePath>
      <ModuleTime>2017-05-04T13:17:42Z</ModuleTime>
      <ModuleName>System.Text.Encoding.CodePages</ModuleName>
      <Classes />
    </Module>
    <Module skippedDueTo="Filter" hash="82-AA-AB-21-2D-1F-5A-5D-76-88-BC-99-D2-AE-5F-27-5E-DE-40-3E">
      <ModulePath>C:\Program Files\dotnet\shared\Microsoft.NETCore.App\1.1.2\System.Text.Encoding.dll</ModulePath>
      <ModuleTime>2017-04-28T10:14:44Z</ModuleTime>
      <ModuleName>System.Text.Encoding</ModuleName>
      <Classes />
    </Module>
    <Module skippedDueTo="Filter" hash="69-74-54-38-65-8F-5E-25-7D-73-E4-86-34-E9-E0-BE-CD-BF-2C-3F">
      <ModulePath>C:\Program Files\dotnet\shared\Microsoft.NETCore.App\1.1.2\System.Collections.dll</ModulePath>
      <ModuleTime>2017-04-28T10:14:42Z</ModuleTime>
      <ModuleName>System.Collections</ModuleName>
      <Classes />
    </Module>
    <Module skippedDueTo="Filter" hash="0A-1B-46-F2-8B-9B-C4-F3-5E-D4-87-5E-F5-35-40-B9-57-F5-74-DA">
      <ModulePath>C:\Program Files\dotnet\shared\Microsoft.NETCore.App\1.1.2\System.Threading.dll</ModulePath>
      <ModuleTime>2017-04-28T10:14:44Z</ModuleTime>
      <ModuleName>System.Threading</ModuleName>
      <Classes />
    </Module>
    <Module skippedDueTo="Filter" hash="B2-79-8E-42-79-66-46-E5-BB-FA-80-DB-A4-98-64-E6-F3-34-CE-87">
      <ModulePath>C:\Program Files\dotnet\shared\Microsoft.NETCore.App\1.1.2\System.Collections.Concurrent.dll</ModulePath>
      <ModuleTime>2017-04-28T10:14:42Z</ModuleTime>
      <ModuleName>System.Collections.Concurrent</ModuleName>
      <Classes />
    </Module>
    <Module skippedDueTo="Filter" hash="33-C3-42-45-CA-9E-02-9A-68-90-00-51-45-EF-3F-DB-CF-02-99-86">
      <ModulePath>C:\Program Files\dotnet\shared\Microsoft.NETCore.App\1.1.2\System.Threading.Thread.dll</ModulePath>
      <ModuleTime>2017-04-28T10:14:44Z</ModuleTime>
      <ModuleName>System.Threading.Thread</ModuleName>
      <Classes />
    </Module>
    <Module skippedDueTo="Filter" hash="03-F2-D5-B0-32-D5-7A-CC-E7-42-98-62-D1-42-44-7D-03-75-83-D7">
      <ModulePath>C:\Program Files\dotnet\shared\Microsoft.NETCore.App\1.1.2\System.Diagnostics.Process.dll</ModulePath>
      <ModuleTime>2017-04-28T10:14:42Z</ModuleTime>
      <ModuleName>System.Diagnostics.Process</ModuleName>
      <Classes />
    </Module>
    <Module skippedDueTo="Filter" hash="64-11-3C-D9-70-FD-86-06-19-E7-CE-BB-44-52-18-81-48-85-9C-CA">
      <ModulePath>C:\Program Files\dotnet\shared\Microsoft.NETCore.App\1.1.2\System.Linq.dll</ModulePath>
      <ModuleTime>2017-04-28T10:14:42Z</ModuleTime>
      <ModuleName>System.Linq</ModuleName>
      <Classes />
    </Module>
    <Module skippedDueTo="MissingPdb" hash="6B-C9-1F-44-F1-C2-4C-98-F5-A5-19-B8-2A-70-08-48-3F-5A-A7-35">
      <ModulePath>C:\Program Files\dotnet\sdk\1.0.4\Microsoft.DotNet.Configurer.dll</ModulePath>
      <ModuleTime>2017-05-04T13:17:40Z</ModuleTime>
      <ModuleName>Microsoft.DotNet.Configurer</ModuleName>
      <Classes />
    </Module>
    <Module skippedDueTo="MissingPdb" hash="5F-C1-69-74-13-72-C8-69-40-24-F1-02-2D-13-C9-8A-F8-69-8C-40">
      <ModulePath>C:\Program Files\dotnet\sdk\1.0.4\Microsoft.DotNet.InternalAbstractions.dll</ModulePath>
      <ModuleTime>2017-05-04T13:17:40Z</ModuleTime>
      <ModuleName>Microsoft.DotNet.InternalAbstractions</ModuleName>
      <Classes />
    </Module>
    <Module skippedDueTo="MissingPdb" hash="C8-79-5B-B1-CD-2D-1C-1E-B3-60-B0-0A-AD-AD-19-80-70-7C-AC-BF">
      <ModulePath>C:\Program Files\dotnet\sdk\1.0.4\NuGet.Configuration.dll</ModulePath>
      <ModuleTime>2017-05-04T13:17:42Z</ModuleTime>
      <ModuleName>NuGet.Configuration</ModuleName>
      <Classes />
    </Module>
    <Module skippedDueTo="MissingPdb" hash="D9-93-DE-EF-CB-9F-82-97-40-07-79-FE-CC-B3-06-E2-BB-2F-5B-EA">
      <ModulePath>C:\Program Files\dotnet\sdk\1.0.4\NuGet.Common.dll</ModulePath>
      <ModuleTime>2017-05-04T13:17:42Z</ModuleTime>
      <ModuleName>NuGet.Common</ModuleName>
      <Classes />
    </Module>
    <Module skippedDueTo="Filter" hash="78-5D-99-A3-90-D6-7D-1F-16-D9-6A-06-F5-95-F6-71-7F-58-02-21">
      <ModulePath>C:\Program Files\dotnet\shared\Microsoft.NETCore.App\1.1.2\System.IO.dll</ModulePath>
      <ModuleTime>2017-04-28T10:14:42Z</ModuleTime>
      <ModuleName>System.IO</ModuleName>
      <Classes />
    </Module>
    <Module skippedDueTo="Filter" hash="2E-39-08-79-1D-C2-AA-88-46-E8-43-52-C6-3E-D7-EE-D5-96-CD-89">
      <ModulePath>C:\Program Files\dotnet\shared\Microsoft.NETCore.App\1.1.2\System.Threading.Tasks.dll</ModulePath>
      <ModuleTime>2017-04-28T10:14:44Z</ModuleTime>
      <ModuleName>System.Threading.Tasks</ModuleName>
      <Classes />
    </Module>
    <Module skippedDueTo="Filter" hash="34-9D-BB-FA-81-DE-34-62-81-3C-68-2E-DC-4F-D3-D4-0F-DC-3F-80">
      <ModulePath>C:\Program Files\dotnet\shared\Microsoft.NETCore.App\1.1.2\System.Runtime.Handles.dll</ModulePath>
      <ModuleTime>2017-04-28T10:14:42Z</ModuleTime>
      <ModuleName>System.Runtime.Handles</ModuleName>
      <Classes />
    </Module>
    <Module skippedDueTo="MissingPdb" hash="C0-D8-45-31-3B-9C-4A-3F-E2-70-00-F7-00-97-BB-C9-87-01-BA-45">
      <ModulePath>C:\Program Files\dotnet\sdk\1.0.4\NuGet.Frameworks.dll</ModulePath>
      <ModuleTime>2017-05-04T13:17:42Z</ModuleTime>
      <ModuleName>NuGet.Frameworks</ModuleName>
      <Classes />
    </Module>
    <Module skippedDueTo="MissingPdb" hash="68-4F-FC-19-75-79-30-9B-C6-B1-01-25-47-BD-20-D8-D4-30-C9-1D">
      <ModulePath>C:\Program Files\dotnet\sdk\1.0.4\Microsoft.ApplicationInsights.dll</ModulePath>
      <ModuleTime>2017-05-04T13:17:40Z</ModuleTime>
      <ModuleName>Microsoft.ApplicationInsights</ModuleName>
      <Classes />
    </Module>
    <Module skippedDueTo="Filter" hash="38-39-1F-62-2B-DA-FD-5B-F5-3F-96-7D-3E-21-2F-AB-54-22-A0-44">
      <ModulePath>C:\Program Files\dotnet\shared\Microsoft.NETCore.App\1.1.2\System.Text.RegularExpressions.dll</ModulePath>
      <ModuleTime>2017-04-28T10:14:44Z</ModuleTime>
      <ModuleName>System.Text.RegularExpressions</ModuleName>
      <Classes />
    </Module>
    <Module skippedDueTo="Filter" hash="6C-69-37-07-42-15-E1-41-36-7E-A8-CD-A5-6A-B0-A5-3F-62-F6-B8">
      <ModulePath>C:\Program Files\dotnet\shared\Microsoft.NETCore.App\1.1.2\System.Globalization.dll</ModulePath>
      <ModuleTime>2017-04-28T10:14:42Z</ModuleTime>
      <ModuleName>System.Globalization</ModuleName>
      <Classes />
    </Module>
    <Module skippedDueTo="Filter" hash="0E-BC-DB-EA-6F-B6-35-F8-FE-F1-FE-47-90-D0-5B-FC-48-37-64-15">
      <ModulePath>C:\Program Files\dotnet\shared\Microsoft.NETCore.App\1.1.2\System.Xml.XDocument.dll</ModulePath>
      <ModuleTime>2017-04-28T10:14:44Z</ModuleTime>
      <ModuleName>System.Xml.XDocument</ModuleName>
      <Classes />
    </Module>
    <Module skippedDueTo="Filter" hash="3A-59-23-69-14-25-FD-1A-2B-F8-46-11-A9-A9-27-E3-DB-04-E6-3A">
      <ModulePath>C:\Program Files\dotnet\shared\Microsoft.NETCore.App\1.1.2\System.Diagnostics.Tracing.dll</ModulePath>
      <ModuleTime>2017-04-28T10:14:42Z</ModuleTime>
      <ModuleName>System.Diagnostics.Tracing</ModuleName>
      <Classes />
    </Module>
    <Module skippedDueTo="Filter" hash="EC-3F-DD-FA-6A-85-25-D4-08-20-13-BB-37-41-01-E4-CC-7E-77-18">
      <ModulePath>C:\Program Files\dotnet\shared\Microsoft.NETCore.App\1.1.2\System.Private.Uri.dll</ModulePath>
      <ModuleTime>2017-04-28T10:14:42Z</ModuleTime>
      <ModuleName>System.Private.Uri</ModuleName>
      <Classes />
    </Module>
    <Module skippedDueTo="MissingPdb" hash="2C-C0-50-46-90-A8-A1-D6-EB-02-51-A8-52-5F-72-2B-B6-9E-3B-06">
      <ModulePath>C:\Program Files\dotnet\sdk\1.0.4\Microsoft.Build.Utilities.Core.dll</ModulePath>
      <ModuleTime>2017-05-04T13:17:40Z</ModuleTime>
      <ModuleName>Microsoft.Build.Utilities.Core</ModuleName>
      <Classes />
    </Module>
    <Module skippedDueTo="MissingPdb" hash="2E-9C-4F-C8-C5-63-7E-0C-9E-66-DC-25-79-DE-D3-0C-0C-64-60-9B">
      <ModulePath>C:\Program Files\dotnet\sdk\1.0.4\Microsoft.Build.Framework.dll</ModulePath>
      <ModuleTime>2017-05-04T13:17:40Z</ModuleTime>
      <ModuleName>Microsoft.Build.Framework</ModuleName>
      <Classes />
    </Module>
    <Module skippedDueTo="Filter" hash="84-8C-9D-01-05-23-E5-1B-ED-E4-38-4D-23-48-BB-27-E3-CA-C3-A6">
      <ModulePath>C:\Program Files\dotnet\shared\Microsoft.NETCore.App\1.1.2\System.AppContext.dll</ModulePath>
      <ModuleTime>2017-04-28T10:14:42Z</ModuleTime>
      <ModuleName>System.AppContext</ModuleName>
      <Classes />
    </Module>
    <Module skippedDueTo="Filter" hash="95-31-50-64-C3-65-6D-48-52-4C-C6-2C-74-B2-97-E9-97-84-AD-8A">
      <ModulePath>C:\Program Files\dotnet\shared\Microsoft.NETCore.App\1.1.2\System.Diagnostics.Tools.dll</ModulePath>
      <ModuleTime>2017-04-28T10:14:42Z</ModuleTime>
      <ModuleName>System.Diagnostics.Tools</ModuleName>
      <Classes />
    </Module>
    <Module skippedDueTo="Filter" hash="52-77-66-37-0D-AA-14-35-AB-03-CA-BD-69-1B-BB-CA-25-A0-A2-0F">
      <ModulePath>C:\Program Files\dotnet\shared\Microsoft.NETCore.App\1.1.2\System.Diagnostics.Debug.dll</ModulePath>
      <ModuleTime>2017-04-28T10:14:42Z</ModuleTime>
      <ModuleName>System.Diagnostics.Debug</ModuleName>
      <Classes />
    </Module>
    <Module skippedDueTo="Filter" hash="0D-98-EB-0F-BD-11-84-BB-29-71-B0-04-62-CB-D0-01-DD-9D-54-D0">
      <ModulePath>C:\Program Files\dotnet\shared\Microsoft.NETCore.App\1.1.2\System.IO.Compression.dll</ModulePath>
      <ModuleTime>2017-04-28T10:14:42Z</ModuleTime>
      <ModuleName>System.IO.Compression</ModuleName>
      <Classes />
    </Module>
    <Module skippedDueTo="Filter" hash="CC-99-C9-08-66-31-C3-65-73-4B-3D-54-80-D9-17-F0-A3-79-96-74">
      <ModulePath>C:\Program Files\dotnet\shared\Microsoft.NETCore.App\1.1.2\System.Text.Encoding.Extensions.dll</ModulePath>
      <ModuleTime>2017-04-28T10:14:44Z</ModuleTime>
      <ModuleName>System.Text.Encoding.Extensions</ModuleName>
      <Classes />
    </Module>
    <Module skippedDueTo="Filter" hash="14-B7-8E-89-03-6B-78-3E-65-DB-01-95-27-A3-32-28-1E-E1-0E-99">
      <ModulePath>C:\Program Files\dotnet\shared\Microsoft.NETCore.App\1.1.2\System.Net.Http.dll</ModulePath>
      <ModuleTime>2017-04-28T10:14:42Z</ModuleTime>
      <ModuleName>System.Net.Http</ModuleName>
      <Classes />
    </Module>
    <Module skippedDueTo="Filter" hash="34-85-75-44-A7-36-1B-6D-22-E4-EA-F9-09-00-64-27-00-C0-D3-0B">
      <ModulePath>C:\Program Files\dotnet\shared\Microsoft.NETCore.App\1.1.2\System.Net.Primitives.dll</ModulePath>
      <ModuleTime>2017-04-28T10:14:42Z</ModuleTime>
      <ModuleName>System.Net.Primitives</ModuleName>
      <Classes />
    </Module>
    <Module skippedDueTo="Filter" hash="5A-10-EA-53-BB-1B-3C-B2-46-74-D0-23-43-23-B3-38-78-63-91-7A">
      <ModulePath>C:\Program Files\dotnet\shared\Microsoft.NETCore.App\1.1.2\System.Diagnostics.DiagnosticSource.dll</ModulePath>
      <ModuleTime>2017-04-28T10:14:42Z</ModuleTime>
      <ModuleName>System.Diagnostics.DiagnosticSource</ModuleName>
      <Classes />
    </Module>
    <Module skippedDueTo="Filter" hash="21-C9-8D-C8-5E-B8-B6-CC-1F-B3-BD-23-47-20-71-4E-30-6B-56-9B">
      <ModulePath>C:\Program Files\dotnet\shared\Microsoft.NETCore.App\1.1.2\System.Security.Cryptography.X509Certificates.dll</ModulePath>
      <ModuleTime>2017-04-28T10:14:44Z</ModuleTime>
      <ModuleName>System.Security.Cryptography.X509Certificates</ModuleName>
      <Classes />
    </Module>
    <Module skippedDueTo="Filter" hash="F6-70-5A-4A-3D-3B-8F-AB-38-1B-F7-15-8E-65-3E-CC-49-18-6A-EB">
      <ModulePath>C:\Program Files\dotnet\shared\Microsoft.NETCore.App\1.1.2\System.Private.CoreLib.ni.dll</ModulePath>
      <ModuleTime>2017-04-28T10:14:44Z</ModuleTime>
      <ModuleName>System.Private.CoreLib</ModuleName>
      <Classes />
    </Module>
    <Module skippedDueTo="MissingPdb" hash="92-3A-A0-1E-C0-A4-51-94-88-6C-76-D2-0F-2B-EF-F7-25-4B-F7-9E">
      <ModulePath>C:\Program Files\dotnet\sdk\1.0.4\MSBuild.dll</ModulePath>
      <ModuleTime>2017-05-04T13:17:42Z</ModuleTime>
      <ModuleName>MSBuild</ModuleName>
      <Classes />
    </Module>
    <Module skippedDueTo="Filter" hash="10-F6-CF-D1-77-DC-83-45-0F-A7-94-89-E8-58-1A-94-0F-2D-39-99">
      <ModulePath>C:\Program Files\dotnet\shared\Microsoft.NETCore.App\1.1.2\System.Runtime.dll</ModulePath>
      <ModuleTime>2017-04-28T10:14:42Z</ModuleTime>
      <ModuleName>System.Runtime</ModuleName>
      <Classes />
    </Module>
    <Module skippedDueTo="Filter" hash="27-FD-01-1F-7F-91-44-AA-26-6D-B2-BA-60-A7-6F-B8-A6-7B-C4-87">
      <ModulePath>C:\Program Files\dotnet\shared\Microsoft.NETCore.App\1.1.2\mscorlib.dll</ModulePath>
      <ModuleTime>2017-04-11T08:56:10Z</ModuleTime>
      <ModuleName>mscorlib</ModuleName>
      <Classes />
    </Module>
    <Module skippedDueTo="Filter" hash="0A-1B-46-F2-8B-9B-C4-F3-5E-D4-87-5E-F5-35-40-B9-57-F5-74-DA">
      <ModulePath>C:\Program Files\dotnet\shared\Microsoft.NETCore.App\1.1.2\System.Threading.dll</ModulePath>
      <ModuleTime>2017-04-28T10:14:44Z</ModuleTime>
      <ModuleName>System.Threading</ModuleName>
      <Classes />
    </Module>
    <Module skippedDueTo="Filter" hash="55-88-D6-46-7F-54-65-DB-60-06-A3-82-60-D8-40-FB-BC-EC-D5-81">
      <ModulePath>C:\Program Files\dotnet\shared\Microsoft.NETCore.App\1.1.2\System.Reflection.dll</ModulePath>
      <ModuleTime>2017-04-28T10:14:42Z</ModuleTime>
      <ModuleName>System.Reflection</ModuleName>
      <Classes />
    </Module>
    <Module skippedDueTo="Filter" hash="48-CD-A8-F1-07-2A-81-32-33-9D-D3-62-EE-F0-D2-38-D3-6C-96-AD">
      <ModulePath>C:\Program Files\dotnet\shared\Microsoft.NETCore.App\1.1.2\System.Reflection.TypeExtensions.dll</ModulePath>
      <ModuleTime>2017-04-28T10:14:42Z</ModuleTime>
      <ModuleName>System.Reflection.TypeExtensions</ModuleName>
      <Classes />
    </Module>
    <Module skippedDueTo="Filter" hash="47-FA-BA-22-0D-94-47-3C-1E-3F-37-5C-92-22-E2-D7-C4-D6-3B-98">
      <ModulePath>C:\Program Files\dotnet\shared\Microsoft.NETCore.App\1.1.2\System.Runtime.Extensions.dll</ModulePath>
      <ModuleTime>2017-04-28T10:14:42Z</ModuleTime>
      <ModuleName>System.Runtime.Extensions</ModuleName>
      <Classes />
    </Module>
    <Module skippedDueTo="Filter" hash="03-F2-D5-B0-32-D5-7A-CC-E7-42-98-62-D1-42-44-7D-03-75-83-D7">
      <ModulePath>C:\Program Files\dotnet\shared\Microsoft.NETCore.App\1.1.2\System.Diagnostics.Process.dll</ModulePath>
      <ModuleTime>2017-04-28T10:14:42Z</ModuleTime>
      <ModuleName>System.Diagnostics.Process</ModuleName>
      <Classes />
    </Module>
    <Module skippedDueTo="Filter" hash="E3-3A-F1-CA-2D-90-BC-45-47-78-DC-4D-07-A5-90-1A-74-68-AC-FE">
      <ModulePath>C:\Program Files\dotnet\shared\Microsoft.NETCore.App\1.1.2\System.Runtime.InteropServices.dll</ModulePath>
      <ModuleTime>2017-04-28T10:14:42Z</ModuleTime>
      <ModuleName>System.Runtime.InteropServices</ModuleName>
      <Classes />
    </Module>
    <Module skippedDueTo="Filter" hash="34-9D-BB-FA-81-DE-34-62-81-3C-68-2E-DC-4F-D3-D4-0F-DC-3F-80">
      <ModulePath>C:\Program Files\dotnet\shared\Microsoft.NETCore.App\1.1.2\System.Runtime.Handles.dll</ModulePath>
      <ModuleTime>2017-04-28T10:14:42Z</ModuleTime>
      <ModuleName>System.Runtime.Handles</ModuleName>
      <Classes />
    </Module>
    <Module skippedDueTo="Filter" hash="69-74-54-38-65-8F-5E-25-7D-73-E4-86-34-E9-E0-BE-CD-BF-2C-3F">
      <ModulePath>C:\Program Files\dotnet\shared\Microsoft.NETCore.App\1.1.2\System.Collections.dll</ModulePath>
      <ModuleTime>2017-04-28T10:14:42Z</ModuleTime>
      <ModuleName>System.Collections</ModuleName>
      <Classes />
    </Module>
    <Module skippedDueTo="Filter" hash="64-11-3C-D9-70-FD-86-06-19-E7-CE-BB-44-52-18-81-48-85-9C-CA">
      <ModulePath>C:\Program Files\dotnet\shared\Microsoft.NETCore.App\1.1.2\System.Linq.dll</ModulePath>
      <ModuleTime>2017-04-28T10:14:42Z</ModuleTime>
      <ModuleName>System.Linq</ModuleName>
      <Classes />
    </Module>
    <Module skippedDueTo="Filter" hash="40-BC-A0-8B-FC-4B-6D-93-EC-A2-4F-36-D2-E1-21-59-B7-5F-BB-FF">
      <ModulePath>C:\Program Files\dotnet\shared\Microsoft.NETCore.App\1.1.2\System.Runtime.InteropServices.RuntimeInformation.dll</ModulePath>
      <ModuleTime>2017-04-28T10:14:42Z</ModuleTime>
      <ModuleName>System.Runtime.InteropServices.RuntimeInformation</ModuleName>
      <Classes />
    </Module>
    <Module skippedDueTo="Filter" hash="38-39-1F-62-2B-DA-FD-5B-F5-3F-96-7D-3E-21-2F-AB-54-22-A0-44">
      <ModulePath>C:\Program Files\dotnet\shared\Microsoft.NETCore.App\1.1.2\System.Text.RegularExpressions.dll</ModulePath>
      <ModuleTime>2017-04-28T10:14:44Z</ModuleTime>
      <ModuleName>System.Text.RegularExpressions</ModuleName>
      <Classes />
    </Module>
    <Module skippedDueTo="Filter" hash="DB-F6-C2-1A-63-0D-74-B8-1B-CC-5D-59-8D-EA-2C-09-55-13-40-1D">
      <ModulePath>C:\Program Files\dotnet\shared\Microsoft.NETCore.App\1.1.2\System.IO.FileSystem.dll</ModulePath>
      <ModuleTime>2017-04-28T10:14:42Z</ModuleTime>
      <ModuleName>System.IO.FileSystem</ModuleName>
      <Classes />
    </Module>
    <Module skippedDueTo="Filter" hash="78-80-49-A8-7E-78-47-11-2F-9D-DF-26-A7-C7-23-0B-07-D3-78-A0">
      <ModulePath>C:\Program Files\dotnet\shared\Microsoft.NETCore.App\1.1.2\System.IO.FileSystem.Primitives.dll</ModulePath>
      <ModuleTime>2017-04-28T10:14:42Z</ModuleTime>
      <ModuleName>System.IO.FileSystem.Primitives</ModuleName>
      <Classes />
    </Module>
    <Module skippedDueTo="Filter" hash="6C-69-37-07-42-15-E1-41-36-7E-A8-CD-A5-6A-B0-A5-3F-62-F6-B8">
      <ModulePath>C:\Program Files\dotnet\shared\Microsoft.NETCore.App\1.1.2\System.Globalization.dll</ModulePath>
      <ModuleTime>2017-04-28T10:14:42Z</ModuleTime>
      <ModuleName>System.Globalization</ModuleName>
      <Classes />
    </Module>
    <Module skippedDueTo="MissingPdb" hash="2E-9C-4F-C8-C5-63-7E-0C-9E-66-DC-25-79-DE-D3-0C-0C-64-60-9B">
      <ModulePath>C:\Program Files\dotnet\sdk\1.0.4\Microsoft.Build.Framework.dll</ModulePath>
      <ModuleTime>2017-05-04T13:17:40Z</ModuleTime>
      <ModuleName>Microsoft.Build.Framework</ModuleName>
      <Classes />
    </Module>
    <Module skippedDueTo="Filter" hash="D8-9C-DB-90-B6-A6-96-ED-46-4A-C7-83-61-D8-89-3C-5D-D0-66-B7">
      <ModulePath>C:\Program Files\dotnet\shared\Microsoft.NETCore.App\1.1.2\System.Console.dll</ModulePath>
      <ModuleTime>2017-04-28T10:14:42Z</ModuleTime>
      <ModuleName>System.Console</ModuleName>
      <Classes />
    </Module>
    <Module skippedDueTo="Filter" hash="F7-8F-A4-2F-64-69-5F-F0-AB-EF-BD-9A-D5-ED-C0-80-DE-EB-A0-60">
      <ModulePath>C:\Program Files\dotnet\sdk\1.0.4\System.Collections.NonGeneric.dll</ModulePath>
      <ModuleTime>2017-05-04T13:17:42Z</ModuleTime>
      <ModuleName>System.Collections.NonGeneric</ModuleName>
      <Classes />
    </Module>
    <Module skippedDueTo="MissingPdb" hash="DC-5E-37-60-24-34-D8-6D-95-28-1E-67-1B-8C-55-71-CB-2E-F7-63">
      <ModulePath>C:\Program Files\dotnet\sdk\1.0.4\Microsoft.Build.dll</ModulePath>
      <ModuleTime>2017-05-04T13:17:40Z</ModuleTime>
      <ModuleName>Microsoft.Build</ModuleName>
      <Classes />
    </Module>
    <Module skippedDueTo="Filter" hash="B2-79-8E-42-79-66-46-E5-BB-FA-80-DB-A4-98-64-E6-F3-34-CE-87">
      <ModulePath>C:\Program Files\dotnet\shared\Microsoft.NETCore.App\1.1.2\System.Collections.Concurrent.dll</ModulePath>
      <ModuleTime>2017-04-28T10:14:42Z</ModuleTime>
      <ModuleName>System.Collections.Concurrent</ModuleName>
      <Classes />
    </Module>
    <Module skippedDueTo="MissingPdb" hash="7C-14-BD-3D-65-43-69-69-E6-BF-9C-5A-33-56-67-FF-47-1A-62-19">
      <ModulePath>C:\Program Files\dotnet\sdk\1.0.4\dotnet.dll</ModulePath>
      <ModuleTime>2017-05-04T13:17:40Z</ModuleTime>
      <ModuleName>dotnet</ModuleName>
      <Classes />
    </Module>
    <Module skippedDueTo="MissingPdb" hash="2C-C0-50-46-90-A8-A1-D6-EB-02-51-A8-52-5F-72-2B-B6-9E-3B-06">
      <ModulePath>C:\Program Files\dotnet\sdk\1.0.4\Microsoft.Build.Utilities.Core.dll</ModulePath>
      <ModuleTime>2017-05-04T13:17:40Z</ModuleTime>
      <ModuleName>Microsoft.Build.Utilities.Core</ModuleName>
      <Classes />
    </Module>
    <Module skippedDueTo="MissingPdb" hash="6F-DF-E1-12-55-10-25-92-1E-08-38-99-29-E1-D4-F3-EC-1D-10-42">
      <ModulePath>C:\Program Files\dotnet\sdk\1.0.4\Microsoft.DotNet.Cli.Utils.dll</ModulePath>
      <ModuleTime>2017-05-04T13:17:40Z</ModuleTime>
      <ModuleName>Microsoft.DotNet.Cli.Utils</ModuleName>
      <Classes />
    </Module>
    <Module skippedDueTo="MissingPdb" hash="C0-D8-45-31-3B-9C-4A-3F-E2-70-00-F7-00-97-BB-C9-87-01-BA-45">
      <ModulePath>C:\Program Files\dotnet\sdk\1.0.4\NuGet.Frameworks.dll</ModulePath>
      <ModuleTime>2017-05-04T13:17:42Z</ModuleTime>
      <ModuleName>NuGet.Frameworks</ModuleName>
      <Classes />
    </Module>
    <Module skippedDueTo="Filter" hash="3B-D7-1E-C0-84-4C-02-CB-97-4A-8E-2A-A0-0A-52-F7-08-D3-F0-8A">
      <ModulePath>C:\Program Files\dotnet\shared\Microsoft.NETCore.App\1.1.2\System.Reflection.Extensions.dll</ModulePath>
      <ModuleTime>2017-04-28T10:14:42Z</ModuleTime>
      <ModuleName>System.Reflection.Extensions</ModuleName>
      <Classes />
    </Module>
    <Module skippedDueTo="MissingPdb" hash="6B-C9-1F-44-F1-C2-4C-98-F5-A5-19-B8-2A-70-08-48-3F-5A-A7-35">
      <ModulePath>C:\Program Files\dotnet\sdk\1.0.4\Microsoft.DotNet.Configurer.dll</ModulePath>
      <ModuleTime>2017-05-04T13:17:40Z</ModuleTime>
      <ModuleName>Microsoft.DotNet.Configurer</ModuleName>
      <Classes />
    </Module>
    <Module skippedDueTo="MissingPdb" hash="5F-C1-69-74-13-72-C8-69-40-24-F1-02-2D-13-C9-8A-F8-69-8C-40">
      <ModulePath>C:\Program Files\dotnet\sdk\1.0.4\Microsoft.DotNet.InternalAbstractions.dll</ModulePath>
      <ModuleTime>2017-05-04T13:17:40Z</ModuleTime>
      <ModuleName>Microsoft.DotNet.InternalAbstractions</ModuleName>
      <Classes />
    </Module>
    <Module skippedDueTo="MissingPdb" hash="C8-79-5B-B1-CD-2D-1C-1E-B3-60-B0-0A-AD-AD-19-80-70-7C-AC-BF">
      <ModulePath>C:\Program Files\dotnet\sdk\1.0.4\NuGet.Configuration.dll</ModulePath>
      <ModuleTime>2017-05-04T13:17:42Z</ModuleTime>
      <ModuleName>NuGet.Configuration</ModuleName>
      <Classes />
    </Module>
    <Module skippedDueTo="MissingPdb" hash="D9-93-DE-EF-CB-9F-82-97-40-07-79-FE-CC-B3-06-E2-BB-2F-5B-EA">
      <ModulePath>C:\Program Files\dotnet\sdk\1.0.4\NuGet.Common.dll</ModulePath>
      <ModuleTime>2017-05-04T13:17:42Z</ModuleTime>
      <ModuleName>NuGet.Common</ModuleName>
      <Classes />
    </Module>
    <Module skippedDueTo="Filter" hash="78-5D-99-A3-90-D6-7D-1F-16-D9-6A-06-F5-95-F6-71-7F-58-02-21">
      <ModulePath>C:\Program Files\dotnet\shared\Microsoft.NETCore.App\1.1.2\System.IO.dll</ModulePath>
      <ModuleTime>2017-04-28T10:14:42Z</ModuleTime>
      <ModuleName>System.IO</ModuleName>
      <Classes />
    </Module>
    <Module skippedDueTo="Filter" hash="2E-39-08-79-1D-C2-AA-88-46-E8-43-52-C6-3E-D7-EE-D5-96-CD-89">
      <ModulePath>C:\Program Files\dotnet\shared\Microsoft.NETCore.App\1.1.2\System.Threading.Tasks.dll</ModulePath>
      <ModuleTime>2017-04-28T10:14:44Z</ModuleTime>
      <ModuleName>System.Threading.Tasks</ModuleName>
      <Classes />
    </Module>
    <Module skippedDueTo="Filter" hash="82-AA-AB-21-2D-1F-5A-5D-76-88-BC-99-D2-AE-5F-27-5E-DE-40-3E">
      <ModulePath>C:\Program Files\dotnet\shared\Microsoft.NETCore.App\1.1.2\System.Text.Encoding.dll</ModulePath>
      <ModuleTime>2017-04-28T10:14:44Z</ModuleTime>
      <ModuleName>System.Text.Encoding</ModuleName>
      <Classes />
    </Module>
    <Module skippedDueTo="Filter" hash="CC-99-C9-08-66-31-C3-65-73-4B-3D-54-80-D9-17-F0-A3-79-96-74">
      <ModulePath>C:\Program Files\dotnet\shared\Microsoft.NETCore.App\1.1.2\System.Text.Encoding.Extensions.dll</ModulePath>
      <ModuleTime>2017-04-28T10:14:44Z</ModuleTime>
      <ModuleName>System.Text.Encoding.Extensions</ModuleName>
      <Classes />
    </Module>
    <Module skippedDueTo="MissingPdb" hash="CD-0E-F9-3C-4B-0E-27-4D-57-01-09-69-41-3A-A0-45-30-28-38-55">
      <ModulePath>C:\Program Files\dotnet\sdk\1.0.4\Microsoft.DotNet.PlatformAbstractions.dll</ModulePath>
      <ModuleTime>2017-05-04T13:17:40Z</ModuleTime>
      <ModuleName>Microsoft.DotNet.PlatformAbstractions</ModuleName>
      <Classes />
    </Module>
    <Module skippedDueTo="MissingPdb" hash="68-4F-FC-19-75-79-30-9B-C6-B1-01-25-47-BD-20-D8-D4-30-C9-1D">
      <ModulePath>C:\Program Files\dotnet\sdk\1.0.4\Microsoft.ApplicationInsights.dll</ModulePath>
      <ModuleTime>2017-05-04T13:17:40Z</ModuleTime>
      <ModuleName>Microsoft.ApplicationInsights</ModuleName>
      <Classes />
    </Module>
    <Module skippedDueTo="Filter" hash="0E-BC-DB-EA-6F-B6-35-F8-FE-F1-FE-47-90-D0-5B-FC-48-37-64-15">
      <ModulePath>C:\Program Files\dotnet\shared\Microsoft.NETCore.App\1.1.2\System.Xml.XDocument.dll</ModulePath>
      <ModuleTime>2017-04-28T10:14:44Z</ModuleTime>
      <ModuleName>System.Xml.XDocument</ModuleName>
      <Classes />
    </Module>
    <Module skippedDueTo="Filter" hash="3A-59-23-69-14-25-FD-1A-2B-F8-46-11-A9-A9-27-E3-DB-04-E6-3A">
      <ModulePath>C:\Program Files\dotnet\shared\Microsoft.NETCore.App\1.1.2\System.Diagnostics.Tracing.dll</ModulePath>
      <ModuleTime>2017-04-28T10:14:42Z</ModuleTime>
      <ModuleName>System.Diagnostics.Tracing</ModuleName>
      <Classes />
    </Module>
    <Module skippedDueTo="Filter" hash="EC-3F-DD-FA-6A-85-25-D4-08-20-13-BB-37-41-01-E4-CC-7E-77-18">
      <ModulePath>C:\Program Files\dotnet\shared\Microsoft.NETCore.App\1.1.2\System.Private.Uri.dll</ModulePath>
      <ModuleTime>2017-04-28T10:14:42Z</ModuleTime>
      <ModuleName>System.Private.Uri</ModuleName>
      <Classes />
    </Module>
    <Module skippedDueTo="Filter" hash="BA-85-18-37-1F-3E-E8-7F-BA-F2-C9-40-E1-5C-6E-4E-E4-59-E9-DD">
      <ModulePath>C:\Program Files\dotnet\shared\Microsoft.NETCore.App\1.1.2\System.Threading.Tasks.Dataflow.dll</ModulePath>
      <ModuleTime>2017-04-28T10:14:44Z</ModuleTime>
      <ModuleName>System.Threading.Tasks.Dataflow</ModuleName>
      <Classes />
    </Module>
    <Module skippedDueTo="Filter" hash="56-E7-FE-76-AE-7C-2C-1F-18-49-23-EF-CB-03-07-CF-59-B2-70-00">
      <ModulePath>C:\Program Files\dotnet\shared\Microsoft.NETCore.App\1.1.2\System.Resources.ResourceManager.dll</ModulePath>
      <ModuleTime>2017-04-28T10:14:42Z</ModuleTime>
      <ModuleName>System.Resources.ResourceManager</ModuleName>
      <Classes />
    </Module>
    <Module skippedDueTo="Filter" hash="0C-9C-6E-C8-BB-14-8F-D9-84-AB-05-C3-62-92-0B-D2-DD-A3-CF-F7">
      <ModulePath>C:\Program Files\dotnet\shared\Microsoft.NETCore.App\1.1.2\System.ObjectModel.dll</ModulePath>
      <ModuleTime>2017-04-28T10:14:42Z</ModuleTime>
      <ModuleName>System.ObjectModel</ModuleName>
      <Classes />
    </Module>
    <Module skippedDueTo="Filter" hash="33-C3-42-45-CA-9E-02-9A-68-90-00-51-45-EF-3F-DB-CF-02-99-86">
      <ModulePath>C:\Program Files\dotnet\shared\Microsoft.NETCore.App\1.1.2\System.Threading.Thread.dll</ModulePath>
      <ModuleTime>2017-04-28T10:14:44Z</ModuleTime>
      <ModuleName>System.Threading.Thread</ModuleName>
      <Classes />
    </Module>
    <Module skippedDueTo="Filter" hash="ED-44-0C-52-83-56-5A-A4-F7-3F-CF-A6-14-00-2E-CC-69-29-77-45">
      <ModulePath>C:\Program Files\dotnet\shared\Microsoft.NETCore.App\1.1.2\System.Xml.ReaderWriter.dll</ModulePath>
      <ModuleTime>2017-04-28T10:14:44Z</ModuleTime>
      <ModuleName>System.Xml.ReaderWriter</ModuleName>
      <Classes />
    </Module>
    <Module skippedDueTo="Filter" hash="E4-36-B3-6D-2F-DC-ED-1B-71-D0-E0-50-BC-D8-57-EE-3E-42-E7-93">
      <ModulePath>C:\Program Files\dotnet\sdk\1.0.4\System.Xml.XmlDocument.dll</ModulePath>
      <ModuleTime>2017-05-04T13:17:42Z</ModuleTime>
      <ModuleName>System.Xml.XmlDocument</ModuleName>
      <Classes />
    </Module>
    <Module skippedDueTo="MissingPdb" hash="00-5E-6D-65-9F-28-A8-8E-D5-F6-0E-D4-80-65-55-EF-CE-E0-2B-01">
      <ModulePath>C:\Program Files\dotnet\sdk\1.0.4\Microsoft.Build.Tasks.Core.dll</ModulePath>
      <ModuleTime>2017-05-04T13:17:40Z</ModuleTime>
      <ModuleName>Microsoft.Build.Tasks.Core</ModuleName>
      <Classes />
    </Module>
    <Module skippedDueTo="Filter" hash="AB-13-45-4D-B0-F4-50-D1-05-4D-4B-20-4A-38-91-7D-70-F7-0C-D8">
      <ModulePath>C:\Program Files\dotnet\shared\Microsoft.NETCore.App\1.1.2\System.Threading.ThreadPool.dll</ModulePath>
      <ModuleTime>2017-04-28T10:14:44Z</ModuleTime>
      <ModuleName>System.Threading.ThreadPool</ModuleName>
      <Classes />
    </Module>
    <Module skippedDueTo="Filter" hash="BC-CE-1D-B5-26-1A-F7-ED-59-2F-FB-AB-2E-B3-35-FE-4C-63-0C-F7">
      <ModulePath>C:\Program Files\dotnet\shared\Microsoft.NETCore.App\1.1.2\System.Reflection.Primitives.dll</ModulePath>
      <ModuleTime>2017-04-28T10:14:42Z</ModuleTime>
      <ModuleName>System.Reflection.Primitives</ModuleName>
      <Classes />
    </Module>
    <Module skippedDueTo="Filter" hash="DB-31-91-3E-EF-62-EE-BA-70-0F-41-1A-18-51-FD-2C-81-39-93-7C">
      <ModulePath>C:\Program Files\dotnet\sdk\1.0.4\System.Collections.Immutable.dll</ModulePath>
      <ModuleTime>2017-05-04T13:17:42Z</ModuleTime>
      <ModuleName>System.Collections.Immutable</ModuleName>
      <Classes />
    </Module>
    <Module skippedDueTo="MissingPdb" hash="AE-AD-3B-80-99-90-A1-6A-C4-A6-6F-53-DF-6F-FF-7E-D0-BF-D4-26">
      <ModulePath>C:\Program Files\dotnet\sdk\1.0.4\Microsoft.TestPlatform.Build.dll</ModulePath>
      <ModuleTime>2017-05-04T13:17:40Z</ModuleTime>
      <ModuleName>Microsoft.TestPlatform.Build</ModuleName>
      <Classes />
    </Module>
    <Module skippedDueTo="Filter" hash="84-8C-9D-01-05-23-E5-1B-ED-E4-38-4D-23-48-BB-27-E3-CA-C3-A6">
      <ModulePath>C:\Program Files\dotnet\shared\Microsoft.NETCore.App\1.1.2\System.AppContext.dll</ModulePath>
      <ModuleTime>2017-04-28T10:14:42Z</ModuleTime>
      <ModuleName>System.AppContext</ModuleName>
      <Classes />
    </Module>
    <Module skippedDueTo="Filter" hash="F6-70-5A-4A-3D-3B-8F-AB-38-1B-F7-15-8E-65-3E-CC-49-18-6A-EB">
      <ModulePath>C:\Program Files\dotnet\shared\Microsoft.NETCore.App\1.1.2\System.Private.CoreLib.ni.dll</ModulePath>
      <ModuleTime>2017-04-28T10:14:44Z</ModuleTime>
      <ModuleName>System.Private.CoreLib</ModuleName>
      <Classes />
    </Module>
    <Module skippedDueTo="MissingPdb" hash="5A-F6-35-39-98-96-11-F1-BA-2D-6C-7B-19-7D-10-19-B3-75-2D-3D">
      <ModulePath>C:\Program Files\dotnet\sdk\1.0.4\vstest.console.dll</ModulePath>
      <ModuleTime>2017-05-04T13:17:42Z</ModuleTime>
      <ModuleName>vstest.console</ModuleName>
      <Classes />
    </Module>
    <Module skippedDueTo="Filter" hash="10-F6-CF-D1-77-DC-83-45-0F-A7-94-89-E8-58-1A-94-0F-2D-39-99">
      <ModulePath>C:\Program Files\dotnet\shared\Microsoft.NETCore.App\1.1.2\System.Runtime.dll</ModulePath>
      <ModuleTime>2017-04-28T10:14:42Z</ModuleTime>
      <ModuleName>System.Runtime</ModuleName>
      <Classes />
    </Module>
    <Module skippedDueTo="Filter" hash="27-FD-01-1F-7F-91-44-AA-26-6D-B2-BA-60-A7-6F-B8-A6-7B-C4-87">
      <ModulePath>C:\Program Files\dotnet\shared\Microsoft.NETCore.App\1.1.2\mscorlib.dll</ModulePath>
      <ModuleTime>2017-04-11T08:56:10Z</ModuleTime>
      <ModuleName>mscorlib</ModuleName>
      <Classes />
    </Module>
    <Module skippedDueTo="MissingPdb" hash="56-D0-FB-A0-64-A2-03-8F-E6-A1-35-D1-35-93-C2-D5-89-48-23-B1">
      <ModulePath>C:\Program Files\dotnet\sdk\1.0.4\Microsoft.TestPlatform.CoreUtilities.dll</ModulePath>
      <ModuleTime>2017-05-04T13:17:40Z</ModuleTime>
      <ModuleName>Microsoft.TestPlatform.CoreUtilities</ModuleName>
      <Classes />
    </Module>
    <Module skippedDueTo="Filter" hash="47-FA-BA-22-0D-94-47-3C-1E-3F-37-5C-92-22-E2-D7-C4-D6-3B-98">
      <ModulePath>C:\Program Files\dotnet\shared\Microsoft.NETCore.App\1.1.2\System.Runtime.Extensions.dll</ModulePath>
      <ModuleTime>2017-04-28T10:14:42Z</ModuleTime>
      <ModuleName>System.Runtime.Extensions</ModuleName>
      <Classes />
    </Module>
    <Module skippedDueTo="Filter" hash="0A-1B-46-F2-8B-9B-C4-F3-5E-D4-87-5E-F5-35-40-B9-57-F5-74-DA">
      <ModulePath>C:\Program Files\dotnet\shared\Microsoft.NETCore.App\1.1.2\System.Threading.dll</ModulePath>
      <ModuleTime>2017-04-28T10:14:44Z</ModuleTime>
      <ModuleName>System.Threading</ModuleName>
      <Classes />
    </Module>
    <Module skippedDueTo="Filter" hash="D8-9C-DB-90-B6-A6-96-ED-46-4A-C7-83-61-D8-89-3C-5D-D0-66-B7">
      <ModulePath>C:\Program Files\dotnet\shared\Microsoft.NETCore.App\1.1.2\System.Console.dll</ModulePath>
      <ModuleTime>2017-04-28T10:14:42Z</ModuleTime>
      <ModuleName>System.Console</ModuleName>
      <Classes />
    </Module>
    <Module skippedDueTo="Filter" hash="78-5D-99-A3-90-D6-7D-1F-16-D9-6A-06-F5-95-F6-71-7F-58-02-21">
      <ModulePath>C:\Program Files\dotnet\shared\Microsoft.NETCore.App\1.1.2\System.IO.dll</ModulePath>
      <ModuleTime>2017-04-28T10:14:42Z</ModuleTime>
      <ModuleName>System.IO</ModuleName>
      <Classes />
    </Module>
    <Module skippedDueTo="Filter" hash="78-80-49-A8-7E-78-47-11-2F-9D-DF-26-A7-C7-23-0B-07-D3-78-A0">
      <ModulePath>C:\Program Files\dotnet\shared\Microsoft.NETCore.App\1.1.2\System.IO.FileSystem.Primitives.dll</ModulePath>
      <ModuleTime>2017-04-28T10:14:42Z</ModuleTime>
      <ModuleName>System.IO.FileSystem.Primitives</ModuleName>
      <Classes />
    </Module>
    <Module skippedDueTo="Filter" hash="82-AA-AB-21-2D-1F-5A-5D-76-88-BC-99-D2-AE-5F-27-5E-DE-40-3E">
      <ModulePath>C:\Program Files\dotnet\shared\Microsoft.NETCore.App\1.1.2\System.Text.Encoding.dll</ModulePath>
      <ModuleTime>2017-04-28T10:14:44Z</ModuleTime>
      <ModuleName>System.Text.Encoding</ModuleName>
      <Classes />
    </Module>
    <Module skippedDueTo="Filter" hash="CC-99-C9-08-66-31-C3-65-73-4B-3D-54-80-D9-17-F0-A3-79-96-74">
      <ModulePath>C:\Program Files\dotnet\shared\Microsoft.NETCore.App\1.1.2\System.Text.Encoding.Extensions.dll</ModulePath>
      <ModuleTime>2017-04-28T10:14:44Z</ModuleTime>
      <ModuleName>System.Text.Encoding.Extensions</ModuleName>
      <Classes />
    </Module>
    <Module skippedDueTo="Filter" hash="2E-39-08-79-1D-C2-AA-88-46-E8-43-52-C6-3E-D7-EE-D5-96-CD-89">
      <ModulePath>C:\Program Files\dotnet\shared\Microsoft.NETCore.App\1.1.2\System.Threading.Tasks.dll</ModulePath>
      <ModuleTime>2017-04-28T10:14:44Z</ModuleTime>
      <ModuleName>System.Threading.Tasks</ModuleName>
      <Classes />
    </Module>
    <Module skippedDueTo="Filter" hash="3A-59-23-69-14-25-FD-1A-2B-F8-46-11-A9-A9-27-E3-DB-04-E6-3A">
      <ModulePath>C:\Program Files\dotnet\shared\Microsoft.NETCore.App\1.1.2\System.Diagnostics.Tracing.dll</ModulePath>
      <ModuleTime>2017-04-28T10:14:42Z</ModuleTime>
      <ModuleName>System.Diagnostics.Tracing</ModuleName>
      <Classes />
    </Module>
    <Module skippedDueTo="Filter" hash="69-74-54-38-65-8F-5E-25-7D-73-E4-86-34-E9-E0-BE-CD-BF-2C-3F">
      <ModulePath>C:\Program Files\dotnet\shared\Microsoft.NETCore.App\1.1.2\System.Collections.dll</ModulePath>
      <ModuleTime>2017-04-28T10:14:42Z</ModuleTime>
      <ModuleName>System.Collections</ModuleName>
      <Classes />
    </Module>
    <Module skippedDueTo="Filter" hash="64-11-3C-D9-70-FD-86-06-19-E7-CE-BB-44-52-18-81-48-85-9C-CA">
      <ModulePath>C:\Program Files\dotnet\shared\Microsoft.NETCore.App\1.1.2\System.Linq.dll</ModulePath>
      <ModuleTime>2017-04-28T10:14:42Z</ModuleTime>
      <ModuleName>System.Linq</ModuleName>
      <Classes />
    </Module>
    <Module skippedDueTo="MissingPdb" hash="47-6C-AB-63-E1-79-61-AB-60-60-AC-D0-B9-71-9D-20-61-74-E4-59">
      <ModulePath>C:\Program Files\dotnet\sdk\1.0.4\Microsoft.VisualStudio.TestPlatform.ObjectModel.dll</ModulePath>
      <ModuleTime>2017-05-04T13:17:42Z</ModuleTime>
      <ModuleName>Microsoft.VisualStudio.TestPlatform.ObjectModel</ModuleName>
      <Classes />
    </Module>
    <Module skippedDueTo="Filter" hash="55-88-D6-46-7F-54-65-DB-60-06-A3-82-60-D8-40-FB-BC-EC-D5-81">
      <ModulePath>C:\Program Files\dotnet\shared\Microsoft.NETCore.App\1.1.2\System.Reflection.dll</ModulePath>
      <ModuleTime>2017-04-28T10:14:42Z</ModuleTime>
      <ModuleName>System.Reflection</ModuleName>
      <Classes />
    </Module>
    <Module skippedDueTo="Filter" hash="6C-69-37-07-42-15-E1-41-36-7E-A8-CD-A5-6A-B0-A5-3F-62-F6-B8">
      <ModulePath>C:\Program Files\dotnet\shared\Microsoft.NETCore.App\1.1.2\System.Globalization.dll</ModulePath>
      <ModuleTime>2017-04-28T10:14:42Z</ModuleTime>
      <ModuleName>System.Globalization</ModuleName>
      <Classes />
    </Module>
    <Module skippedDueTo="Filter" hash="56-E7-FE-76-AE-7C-2C-1F-18-49-23-EF-CB-03-07-CF-59-B2-70-00">
      <ModulePath>C:\Program Files\dotnet\shared\Microsoft.NETCore.App\1.1.2\System.Resources.ResourceManager.dll</ModulePath>
      <ModuleTime>2017-04-28T10:14:42Z</ModuleTime>
      <ModuleName>System.Resources.ResourceManager</ModuleName>
      <Classes />
    </Module>
    <Module skippedDueTo="Filter" hash="DB-F6-C2-1A-63-0D-74-B8-1B-CC-5D-59-8D-EA-2C-09-55-13-40-1D">
      <ModulePath>C:\Program Files\dotnet\shared\Microsoft.NETCore.App\1.1.2\System.IO.FileSystem.dll</ModulePath>
      <ModuleTime>2017-04-28T10:14:42Z</ModuleTime>
      <ModuleName>System.IO.FileSystem</ModuleName>
      <Classes />
    </Module>
    <Module skippedDueTo="Filter" hash="85-DD-89-62-7C-C5-AE-2D-66-EA-75-C5-CF-6F-FE-B2-EF-D6-D2-08">
      <ModulePath>C:\Program Files\dotnet\sdk\1.0.4\runtimes\win\lib\netstandard1.3\System.Diagnostics.TraceSource.dll</ModulePath>
      <ModuleTime>2017-05-04T13:17:42Z</ModuleTime>
      <ModuleName>System.Diagnostics.TraceSource</ModuleName>
      <Classes />
    </Module>
    <Module skippedDueTo="Filter" hash="03-F2-D5-B0-32-D5-7A-CC-E7-42-98-62-D1-42-44-7D-03-75-83-D7">
      <ModulePath>C:\Program Files\dotnet\shared\Microsoft.NETCore.App\1.1.2\System.Diagnostics.Process.dll</ModulePath>
      <ModuleTime>2017-04-28T10:14:42Z</ModuleTime>
      <ModuleName>System.Diagnostics.Process</ModuleName>
      <Classes />
    </Module>
    <Module skippedDueTo="MissingPdb" hash="CD-E6-E5-EF-B6-68-4D-1B-B5-4B-05-38-D0-26-F4-B9-2C-56-D4-95">
      <ModulePath>C:\Program Files\dotnet\sdk\1.0.4\Microsoft.VisualStudio.TestPlatform.Common.dll</ModulePath>
      <ModuleTime>2017-05-04T13:17:40Z</ModuleTime>
      <ModuleName>Microsoft.VisualStudio.TestPlatform.Common</ModuleName>
      <Classes />
    </Module>
    <Module skippedDueTo="MissingPdb" hash="29-59-67-BA-7E-8D-D6-B7-6A-72-AD-CF-B4-BF-AB-C3-67-AD-E0-1F">
      <ModulePath>C:\Program Files\dotnet\sdk\1.0.4\Microsoft.VisualStudio.TestPlatform.Client.dll</ModulePath>
      <ModuleTime>2017-05-04T13:17:40Z</ModuleTime>
      <ModuleName>Microsoft.VisualStudio.TestPlatform.Client</ModuleName>
      <Classes />
    </Module>
    <Module skippedDueTo="MissingPdb" hash="CA-20-F2-D7-9E-ED-CF-A8-A2-B2-FF-A7-8D-D1-54-8F-3C-2D-B1-00">
      <ModulePath>C:\Program Files\dotnet\sdk\1.0.4\Microsoft.TestPlatform.CrossPlatEngine.dll</ModulePath>
      <ModuleTime>2017-05-04T13:17:40Z</ModuleTime>
      <ModuleName>Microsoft.TestPlatform.CrossPlatEngine</ModuleName>
      <Classes />
    </Module>
    <Module skippedDueTo="Filter" hash="F3-70-6B-67-DF-E6-5C-1D-D6-F8-AB-B5-FA-33-AD-F0-00-C9-34-CB">
      <ModulePath>C:\Program Files\dotnet\shared\Microsoft.NETCore.App\1.1.2\System.Runtime.Loader.dll</ModulePath>
      <ModuleTime>2017-04-28T10:14:42Z</ModuleTime>
      <ModuleName>System.Runtime.Loader</ModuleName>
      <Classes />
    </Module>
    <Module skippedDueTo="Filter" hash="38-39-1F-62-2B-DA-FD-5B-F5-3F-96-7D-3E-21-2F-AB-54-22-A0-44">
      <ModulePath>C:\Program Files\dotnet\shared\Microsoft.NETCore.App\1.1.2\System.Text.RegularExpressions.dll</ModulePath>
      <ModuleTime>2017-04-28T10:14:44Z</ModuleTime>
      <ModuleName>System.Text.RegularExpressions</ModuleName>
      <Classes />
    </Module>
    <Module skippedDueTo="Filter" hash="34-9D-BB-FA-81-DE-34-62-81-3C-68-2E-DC-4F-D3-D4-0F-DC-3F-80">
      <ModulePath>C:\Program Files\dotnet\shared\Microsoft.NETCore.App\1.1.2\System.Runtime.Handles.dll</ModulePath>
      <ModuleTime>2017-04-28T10:14:42Z</ModuleTime>
      <ModuleName>System.Runtime.Handles</ModuleName>
      <Classes />
    </Module>
    <Module skippedDueTo="Filter" hash="E3-3A-F1-CA-2D-90-BC-45-47-78-DC-4D-07-A5-90-1A-74-68-AC-FE">
      <ModulePath>C:\Program Files\dotnet\shared\Microsoft.NETCore.App\1.1.2\System.Runtime.InteropServices.dll</ModulePath>
      <ModuleTime>2017-04-28T10:14:42Z</ModuleTime>
      <ModuleName>System.Runtime.InteropServices</ModuleName>
      <Classes />
    </Module>
    <Module skippedDueTo="MissingPdb" hash="4A-B5-C4-B2-DB-DC-E4-B1-09-99-9F-0A-89-42-AD-39-9A-C1-42-C4">
      <ModulePath>C:\Program Files\dotnet\sdk\1.0.4\Extensions\Microsoft.VisualStudio.TestPlatform.Extensions.TrxLogger.dll</ModulePath>
      <ModuleTime>2017-05-04T13:17:40Z</ModuleTime>
      <ModuleName>Microsoft.VisualStudio.TestPlatform.Extensions.TrxLogger</ModuleName>
      <Classes />
    </Module>
    <Module skippedDueTo="Filter" hash="3B-D7-1E-C0-84-4C-02-CB-97-4A-8E-2A-A0-0A-52-F7-08-D3-F0-8A">
      <ModulePath>C:\Program Files\dotnet\shared\Microsoft.NETCore.App\1.1.2\System.Reflection.Extensions.dll</ModulePath>
      <ModuleTime>2017-04-28T10:14:42Z</ModuleTime>
      <ModuleName>System.Reflection.Extensions</ModuleName>
      <Classes />
    </Module>
    <Module skippedDueTo="Filter" hash="EC-3F-DD-FA-6A-85-25-D4-08-20-13-BB-37-41-01-E4-CC-7E-77-18">
      <ModulePath>C:\Program Files\dotnet\shared\Microsoft.NETCore.App\1.1.2\System.Private.Uri.dll</ModulePath>
      <ModuleTime>2017-04-28T10:14:42Z</ModuleTime>
      <ModuleName>System.Private.Uri</ModuleName>
      <Classes />
    </Module>
    <Module skippedDueTo="Filter" hash="ED-44-0C-52-83-56-5A-A4-F7-3F-CF-A6-14-00-2E-CC-69-29-77-45">
      <ModulePath>C:\Program Files\dotnet\shared\Microsoft.NETCore.App\1.1.2\System.Xml.ReaderWriter.dll</ModulePath>
      <ModuleTime>2017-04-28T10:14:44Z</ModuleTime>
      <ModuleName>System.Xml.ReaderWriter</ModuleName>
      <Classes />
    </Module>
    <Module skippedDueTo="Filter" hash="40-BC-A0-8B-FC-4B-6D-93-EC-A2-4F-36-D2-E1-21-59-B7-5F-BB-FF">
      <ModulePath>C:\Program Files\dotnet\shared\Microsoft.NETCore.App\1.1.2\System.Runtime.InteropServices.RuntimeInformation.dll</ModulePath>
      <ModuleTime>2017-04-28T10:14:42Z</ModuleTime>
      <ModuleName>System.Runtime.InteropServices.RuntimeInformation</ModuleName>
      <Classes />
    </Module>
    <Module skippedDueTo="Filter" hash="90-6E-18-B7-7B-D5-0C-08-ED-AC-72-E5-0F-1E-D4-FE-CF-FB-E3-77">
      <ModulePath>C:\Program Files\dotnet\shared\Microsoft.NETCore.App\1.1.2\System.Xml.XmlDocument.dll</ModulePath>
      <ModuleTime>2017-04-28T10:14:44Z</ModuleTime>
      <ModuleName>System.Xml.XmlDocument</ModuleName>
      <Classes />
    </Module>
    <Module skippedDueTo="Filter" hash="C3-7F-1F-B7-2F-CE-A2-FD-DC-8D-1B-0F-EF-B3-62-57-26-0E-4A-10">
      <ModulePath>C:\Program Files\dotnet\sdk\1.0.4\System.Xml.XPath.XmlDocument.dll</ModulePath>
      <ModuleTime>2017-05-04T13:17:42Z</ModuleTime>
      <ModuleName>System.Xml.XPath.XmlDocument</ModuleName>
      <Classes />
    </Module>
    <Module skippedDueTo="Filter" hash="21-05-6E-EA-57-9C-E9-6E-21-22-45-67-DF-77-97-D3-F0-78-9F-FD">
      <ModulePath>C:\Program Files\dotnet\shared\Microsoft.NETCore.App\1.1.2\System.Xml.XPath.dll</ModulePath>
      <ModuleTime>2017-04-28T10:14:44Z</ModuleTime>
      <ModuleName>System.Xml.XPath</ModuleName>
      <Classes />
    </Module>
    <Module skippedDueTo="MissingPdb" hash="D4-97-6E-73-23-22-CB-6B-FA-3F-F1-E2-DC-1E-E8-48-EC-E0-B5-1C">
      <ModulePath>C:\Program Files\dotnet\sdk\1.0.4\Microsoft.TestPlatform.Utilities.dll</ModulePath>
      <ModuleTime>2017-05-04T13:17:40Z</ModuleTime>
      <ModuleName>Microsoft.TestPlatform.Utilities</ModuleName>
      <Classes />
    </Module>
    <Module skippedDueTo="MissingPdb" hash="42-50-F9-38-14-44-7B-22-B6-F8-0D-6A-0C-70-27-B2-58-4B-F0-5B">
      <ModulePath>C:\Program Files\dotnet\sdk\1.0.4\Microsoft.TestPlatform.CommunicationUtilities.dll</ModulePath>
      <ModuleTime>2017-05-04T13:17:40Z</ModuleTime>
      <ModuleName>Microsoft.TestPlatform.CommunicationUtilities</ModuleName>
      <Classes />
    </Module>
    <Module skippedDueTo="MissingPdb" hash="E0-70-3A-41-D3-8B-F7-EE-B3-FF-FE-AC-79-8E-33-B3-1E-75-5F-78">
      <ModulePath>C:\Program Files\dotnet\sdk\1.0.4\Newtonsoft.Json.dll</ModulePath>
      <ModuleTime>2017-05-04T13:14:40Z</ModuleTime>
      <ModuleName>Newtonsoft.Json</ModuleName>
      <Classes />
    </Module>
    <Module skippedDueTo="Filter" hash="6B-AD-AE-18-BA-E6-95-26-26-B9-59-19-4C-FC-A7-F1-7F-6C-8F-C4">
      <ModulePath>C:\Program Files\dotnet\sdk\1.0.4\System.Runtime.Serialization.Primitives.dll</ModulePath>
      <ModuleTime>2017-05-04T13:17:42Z</ModuleTime>
      <ModuleName>System.Runtime.Serialization.Primitives</ModuleName>
      <Classes />
    </Module>
    <Module skippedDueTo="Filter" hash="34-85-75-44-A7-36-1B-6D-22-E4-EA-F9-09-00-64-27-00-C0-D3-0B">
      <ModulePath>C:\Program Files\dotnet\shared\Microsoft.NETCore.App\1.1.2\System.Net.Primitives.dll</ModulePath>
      <ModuleTime>2017-04-28T10:14:42Z</ModuleTime>
      <ModuleName>System.Net.Primitives</ModuleName>
      <Classes />
    </Module>
    <Module skippedDueTo="Filter" hash="46-4B-C5-C5-A0-6E-AE-5E-F6-32-63-39-F4-7A-63-10-75-FE-7C-78">
      <ModulePath>C:\Program Files\dotnet\shared\Microsoft.NETCore.App\1.1.2\System.Net.Sockets.dll</ModulePath>
      <ModuleTime>2017-04-28T10:14:42Z</ModuleTime>
      <ModuleName>System.Net.Sockets</ModuleName>
      <Classes />
    </Module>
    <Module skippedDueTo="Filter" hash="63-64-AB-6F-5E-F5-B9-37-89-35-3C-81-04-45-C2-0F-15-56-D3-51">
      <ModulePath>C:\Program Files\dotnet\shared\Microsoft.NETCore.App\1.1.2\System.Net.NameResolution.dll</ModulePath>
      <ModuleTime>2017-04-28T10:14:42Z</ModuleTime>
      <ModuleName>System.Net.NameResolution</ModuleName>
      <Classes />
    </Module>
    <Module skippedDueTo="MissingPdb" hash="5F-92-13-A5-8C-88-19-D7-D1-73-03-C8-16-CF-EA-52-2F-FB-2C-52">
      <ModulePath>C:\Program Files\dotnet\shared\Microsoft.NETCore.App\1.1.2\Microsoft.Win32.Primitives.dll</ModulePath>
      <ModuleTime>2017-04-28T10:14:42Z</ModuleTime>
      <ModuleName>Microsoft.Win32.Primitives</ModuleName>
      <Classes />
    </Module>
    <Module skippedDueTo="Filter" hash="1B-AA-3B-CA-50-E2-80-6B-60-67-7C-C3-F4-A5-B8-79-2C-13-B9-21">
      <ModulePath>C:\Program Files\dotnet\shared\Microsoft.NETCore.App\1.1.2\System.Threading.Overlapped.dll</ModulePath>
      <ModuleTime>2017-04-28T10:14:44Z</ModuleTime>
      <ModuleName>System.Threading.Overlapped</ModuleName>
      <Classes />
    </Module>
    <Module skippedDueTo="Filter" hash="33-C3-42-45-CA-9E-02-9A-68-90-00-51-45-EF-3F-DB-CF-02-99-86">
      <ModulePath>C:\Program Files\dotnet\shared\Microsoft.NETCore.App\1.1.2\System.Threading.Thread.dll</ModulePath>
      <ModuleTime>2017-04-28T10:14:44Z</ModuleTime>
      <ModuleName>System.Threading.Thread</ModuleName>
      <Classes />
    </Module>
    <Module skippedDueTo="MissingPdb" hash="D2-CA-30-43-B2-E7-F7-59-05-0F-53-0C-8A-4D-72-6F-71-F1-E2-55">
      <ModulePath>C:\Program Files\dotnet\sdk\1.0.4\Microsoft.Extensions.DependencyModel.dll</ModulePath>
      <ModuleTime>2017-05-04T13:17:40Z</ModuleTime>
      <ModuleName>Microsoft.Extensions.DependencyModel</ModuleName>
      <Classes />
    </Module>
    <Module skippedDueTo="Filter" hash="19-9B-36-F3-9B-5D-D4-BA-DC-F0-86-22-BE-07-C3-D3-1F-20-85-51">
      <ModulePath>C:\Program Files\dotnet\shared\Microsoft.NETCore.App\1.1.2\System.Dynamic.Runtime.dll</ModulePath>
      <ModuleTime>2017-04-28T10:14:42Z</ModuleTime>
      <ModuleName>System.Dynamic.Runtime</ModuleName>
      <Classes />
    </Module>
    <Module skippedDueTo="Filter" hash="A4-26-C9-6D-38-FB-E9-0E-16-9E-D2-32-9E-E1-7B-75-39-C8-ED-A6">
      <ModulePath>C:\Program Files\dotnet\shared\Microsoft.NETCore.App\1.1.2\System.Linq.Expressions.dll</ModulePath>
      <ModuleTime>2017-04-28T10:14:42Z</ModuleTime>
      <ModuleName>System.Linq.Expressions</ModuleName>
      <Classes />
    </Module>
    <Module skippedDueTo="Filter" hash="0C-9C-6E-C8-BB-14-8F-D9-84-AB-05-C3-62-92-0B-D2-DD-A3-CF-F7">
      <ModulePath>C:\Program Files\dotnet\shared\Microsoft.NETCore.App\1.1.2\System.ObjectModel.dll</ModulePath>
      <ModuleTime>2017-04-28T10:14:42Z</ModuleTime>
      <ModuleName>System.ObjectModel</ModuleName>
      <Classes />
    </Module>
    <Module skippedDueTo="Filter" hash="AB-13-45-4D-B0-F4-50-D1-05-4D-4B-20-4A-38-91-7D-70-F7-0C-D8">
      <ModulePath>C:\Program Files\dotnet\shared\Microsoft.NETCore.App\1.1.2\System.Threading.ThreadPool.dll</ModulePath>
      <ModuleTime>2017-04-28T10:14:44Z</ModuleTime>
      <ModuleName>System.Threading.ThreadPool</ModuleName>
      <Classes />
    </Module>
    <Module skippedDueTo="Filter" hash="F6-70-5A-4A-3D-3B-8F-AB-38-1B-F7-15-8E-65-3E-CC-49-18-6A-EB">
      <ModulePath>C:\Program Files\dotnet\shared\Microsoft.NETCore.App\1.1.2\System.Private.CoreLib.ni.dll</ModulePath>
      <ModuleTime>2017-04-28T10:14:44Z</ModuleTime>
      <ModuleName>System.Private.CoreLib</ModuleName>
      <Classes />
    </Module>
    <Module skippedDueTo="MissingPdb" hash="32-81-DE-37-95-0D-78-DD-D3-41-E8-F9-0C-B5-86-2C-67-4E-9E-CA">
      <ModulePath>C:\Users\User\.nuget\packages\microsoft.testplatform.testhost\15.0.0\lib\netstandard1.5\testhost.dll</ModulePath>
      <ModuleTime>2017-02-23T08:34:52Z</ModuleTime>
      <ModuleName>testhost</ModuleName>
      <Classes />
    </Module>
    <Module skippedDueTo="Filter" hash="10-F6-CF-D1-77-DC-83-45-0F-A7-94-89-E8-58-1A-94-0F-2D-39-99">
      <ModulePath>C:\Program Files\dotnet\shared\Microsoft.NETCore.App\1.1.2\System.Runtime.dll</ModulePath>
      <ModuleTime>2017-04-28T10:14:42Z</ModuleTime>
      <ModuleName>System.Runtime</ModuleName>
      <Classes />
    </Module>
    <Module skippedDueTo="Filter" hash="27-FD-01-1F-7F-91-44-AA-26-6D-B2-BA-60-A7-6F-B8-A6-7B-C4-87">
      <ModulePath>C:\Program Files\dotnet\shared\Microsoft.NETCore.App\1.1.2\mscorlib.dll</ModulePath>
      <ModuleTime>2017-04-11T08:56:10Z</ModuleTime>
      <ModuleName>mscorlib</ModuleName>
      <Classes />
    </Module>
    <Module skippedDueTo="MissingPdb" hash="85-67-E3-92-F6-A3-D6-41-F9-36-40-09-76-DD-12-EF-F1-44-A4-B9">
      <ModulePath>C:\Users\User\.nuget\packages\microsoft.testplatform.objectmodel\15.0.0\lib\netstandard1.5\Microsoft.TestPlatform.CoreUtilities.dll</ModulePath>
      <ModuleTime>2017-02-23T08:34:50Z</ModuleTime>
      <ModuleName>Microsoft.TestPlatform.CoreUtilities</ModuleName>
      <Classes />
    </Module>
    <Module skippedDueTo="Filter" hash="3A-59-23-69-14-25-FD-1A-2B-F8-46-11-A9-A9-27-E3-DB-04-E6-3A">
      <ModulePath>C:\Program Files\dotnet\shared\Microsoft.NETCore.App\1.1.2\System.Diagnostics.Tracing.dll</ModulePath>
      <ModuleTime>2017-04-28T10:14:42Z</ModuleTime>
      <ModuleName>System.Diagnostics.Tracing</ModuleName>
      <Classes />
    </Module>
    <Module skippedDueTo="Filter" hash="47-FA-BA-22-0D-94-47-3C-1E-3F-37-5C-92-22-E2-D7-C4-D6-3B-98">
      <ModulePath>C:\Program Files\dotnet\shared\Microsoft.NETCore.App\1.1.2\System.Runtime.Extensions.dll</ModulePath>
      <ModuleTime>2017-04-28T10:14:42Z</ModuleTime>
      <ModuleName>System.Runtime.Extensions</ModuleName>
      <Classes />
    </Module>
    <Module skippedDueTo="Filter" hash="03-F2-D5-B0-32-D5-7A-CC-E7-42-98-62-D1-42-44-7D-03-75-83-D7">
      <ModulePath>C:\Program Files\dotnet\shared\Microsoft.NETCore.App\1.1.2\System.Diagnostics.Process.dll</ModulePath>
      <ModuleTime>2017-04-28T10:14:42Z</ModuleTime>
      <ModuleName>System.Diagnostics.Process</ModuleName>
      <Classes />
    </Module>
    <Module skippedDueTo="Filter" hash="52-77-66-37-0D-AA-14-35-AB-03-CA-BD-69-1B-BB-CA-25-A0-A2-0F">
      <ModulePath>C:\Program Files\dotnet\shared\Microsoft.NETCore.App\1.1.2\System.Diagnostics.Debug.dll</ModulePath>
      <ModuleTime>2017-04-28T10:14:42Z</ModuleTime>
      <ModuleName>System.Diagnostics.Debug</ModuleName>
      <Classes />
    </Module>
    <Module skippedDueTo="Filter" hash="33-C3-42-45-CA-9E-02-9A-68-90-00-51-45-EF-3F-DB-CF-02-99-86">
      <ModulePath>C:\Program Files\dotnet\shared\Microsoft.NETCore.App\1.1.2\System.Threading.Thread.dll</ModulePath>
      <ModuleTime>2017-04-28T10:14:44Z</ModuleTime>
      <ModuleName>System.Threading.Thread</ModuleName>
      <Classes />
    </Module>
    <Module skippedDueTo="Filter" hash="69-74-54-38-65-8F-5E-25-7D-73-E4-86-34-E9-E0-BE-CD-BF-2C-3F">
      <ModulePath>C:\Program Files\dotnet\shared\Microsoft.NETCore.App\1.1.2\System.Collections.dll</ModulePath>
      <ModuleTime>2017-04-28T10:14:42Z</ModuleTime>
      <ModuleName>System.Collections</ModuleName>
      <Classes />
    </Module>
    <Module skippedDueTo="MissingPdb" hash="1F-8B-28-F0-91-42-5C-5B-80-69-4B-25-EF-C7-E4-84-06-FC-A1-11">
      <ModulePath>C:\Users\User\.nuget\packages\microsoft.testplatform.testhost\15.0.0\lib\netstandard1.5\Microsoft.TestPlatform.CommunicationUtilities.dll</ModulePath>
      <ModuleTime>2017-02-23T08:34:52Z</ModuleTime>
      <ModuleName>Microsoft.TestPlatform.CommunicationUtilities</ModuleName>
      <Classes />
    </Module>
    <Module skippedDueTo="MissingPdb" hash="C1-AF-67-21-3A-A3-79-05-78-F9-85-63-BB-3F-88-A1-54-FF-D7-7C">
      <ModulePath>C:\Users\User\.nuget\packages\microsoft.testplatform.objectmodel\15.0.0\lib\netstandard1.5\Microsoft.VisualStudio.TestPlatform.ObjectModel.dll</ModulePath>
      <ModuleTime>2017-02-23T08:34:50Z</ModuleTime>
      <ModuleName>Microsoft.VisualStudio.TestPlatform.ObjectModel</ModuleName>
      <Classes />
    </Module>
    <Module skippedDueTo="Filter" hash="2E-39-08-79-1D-C2-AA-88-46-E8-43-52-C6-3E-D7-EE-D5-96-CD-89">
      <ModulePath>C:\Program Files\dotnet\shared\Microsoft.NETCore.App\1.1.2\System.Threading.Tasks.dll</ModulePath>
      <ModuleTime>2017-04-28T10:14:44Z</ModuleTime>
      <ModuleName>System.Threading.Tasks</ModuleName>
      <Classes />
    </Module>
    <Module skippedDueTo="MissingPdb" hash="47-C2-A2-FA-B2-5D-F7-05-7D-BD-7B-1B-D9-7C-8F-9D-22-5A-9F-38">
      <ModulePath>C:\Users\User\.nuget\packages\microsoft.testplatform.testhost\15.0.0\lib\netstandard1.5\Microsoft.TestPlatform.CrossPlatEngine.dll</ModulePath>
      <ModuleTime>2017-02-23T08:34:52Z</ModuleTime>
      <ModuleName>Microsoft.TestPlatform.CrossPlatEngine</ModuleName>
      <Classes />
    </Module>
    <Module skippedDueTo="MissingPdb" hash="F1-21-B8-A5-86-21-AD-70-DF-32-C1-31-8A-8C-61-9C-F1-BE-AB-2E">
      <ModulePath>C:\Users\User\.nuget\packages\microsoft.testplatform.testhost\15.0.0\lib\netstandard1.5\Microsoft.VisualStudio.TestPlatform.Common.dll</ModulePath>
      <ModuleTime>2017-02-23T08:34:52Z</ModuleTime>
      <ModuleName>Microsoft.VisualStudio.TestPlatform.Common</ModuleName>
      <Classes />
    </Module>
    <Module skippedDueTo="MissingPdb" hash="53-D0-A3-B9-10-36-09-21-32-F4-D0-88-75-00-B5-DC-77-89-1D-78">
      <ModulePath>C:\Users\User\.nuget\packages\newtonsoft.json\9.0.1\lib\netstandard1.0\Newtonsoft.Json.dll</ModulePath>
      <ModuleTime>2017-06-08T10:58:46.7580087Z</ModuleTime>
      <ModuleName>Newtonsoft.Json</ModuleName>
      <Classes />
    </Module>
    <Module skippedDueTo="Filter" hash="47-BA-1A-A0-ED-BE-DB-BE-DF-14-2A-38-38-9E-3B-53-66-53-F1-5B">
      <ModulePath>C:\Users\User\.nuget\packages\system.runtime.serialization.primitives\4.1.1\lib\netstandard1.3\System.Runtime.Serialization.Primitives.dll</ModulePath>
      <ModuleTime>2016-06-11T21:14:32Z</ModuleTime>
      <ModuleName>System.Runtime.Serialization.Primitives</ModuleName>
      <Classes />
    </Module>
    <Module skippedDueTo="Filter" hash="6C-69-37-07-42-15-E1-41-36-7E-A8-CD-A5-6A-B0-A5-3F-62-F6-B8">
      <ModulePath>C:\Program Files\dotnet\shared\Microsoft.NETCore.App\1.1.2\System.Globalization.dll</ModulePath>
      <ModuleTime>2017-04-28T10:14:42Z</ModuleTime>
      <ModuleName>System.Globalization</ModuleName>
      <Classes />
    </Module>
    <Module skippedDueTo="Filter" hash="0A-1B-46-F2-8B-9B-C4-F3-5E-D4-87-5E-F5-35-40-B9-57-F5-74-DA">
      <ModulePath>C:\Program Files\dotnet\shared\Microsoft.NETCore.App\1.1.2\System.Threading.dll</ModulePath>
      <ModuleTime>2017-04-28T10:14:44Z</ModuleTime>
      <ModuleName>System.Threading</ModuleName>
      <Classes />
    </Module>
    <Module skippedDueTo="Filter" hash="5E-87-81-F5-15-7C-EB-6F-DC-0F-02-24-30-57-05-B6-E1-13-12-1B">
      <ModulePath>C:\Users\User\.nuget\packages\system.diagnostics.tracesource\4.0.0\runtimes\win\lib\netstandard1.3\System.Diagnostics.TraceSource.dll</ModulePath>
      <ModuleTime>2016-06-11T21:13:38Z</ModuleTime>
      <ModuleName>System.Diagnostics.TraceSource</ModuleName>
      <Classes />
    </Module>
    <Module skippedDueTo="Filter" hash="34-9D-BB-FA-81-DE-34-62-81-3C-68-2E-DC-4F-D3-D4-0F-DC-3F-80">
      <ModulePath>C:\Program Files\dotnet\shared\Microsoft.NETCore.App\1.1.2\System.Runtime.Handles.dll</ModulePath>
      <ModuleTime>2017-04-28T10:14:42Z</ModuleTime>
      <ModuleName>System.Runtime.Handles</ModuleName>
      <Classes />
    </Module>
    <Module skippedDueTo="Filter" hash="E3-3A-F1-CA-2D-90-BC-45-47-78-DC-4D-07-A5-90-1A-74-68-AC-FE">
      <ModulePath>C:\Program Files\dotnet\shared\Microsoft.NETCore.App\1.1.2\System.Runtime.InteropServices.dll</ModulePath>
      <ModuleTime>2017-04-28T10:14:42Z</ModuleTime>
      <ModuleName>System.Runtime.InteropServices</ModuleName>
      <Classes />
    </Module>
    <Module skippedDueTo="Filter" hash="AB-13-45-4D-B0-F4-50-D1-05-4D-4B-20-4A-38-91-7D-70-F7-0C-D8">
      <ModulePath>C:\Program Files\dotnet\shared\Microsoft.NETCore.App\1.1.2\System.Threading.ThreadPool.dll</ModulePath>
      <ModuleTime>2017-04-28T10:14:44Z</ModuleTime>
      <ModuleName>System.Threading.ThreadPool</ModuleName>
      <Classes />
    </Module>
    <Module skippedDueTo="Filter" hash="46-4B-C5-C5-A0-6E-AE-5E-F6-32-63-39-F4-7A-63-10-75-FE-7C-78">
      <ModulePath>C:\Program Files\dotnet\shared\Microsoft.NETCore.App\1.1.2\System.Net.Sockets.dll</ModulePath>
      <ModuleTime>2017-04-28T10:14:42Z</ModuleTime>
      <ModuleName>System.Net.Sockets</ModuleName>
      <Classes />
    </Module>
    <Module skippedDueTo="Filter" hash="34-85-75-44-A7-36-1B-6D-22-E4-EA-F9-09-00-64-27-00-C0-D3-0B">
      <ModulePath>C:\Program Files\dotnet\shared\Microsoft.NETCore.App\1.1.2\System.Net.Primitives.dll</ModulePath>
      <ModuleTime>2017-04-28T10:14:42Z</ModuleTime>
      <ModuleName>System.Net.Primitives</ModuleName>
      <Classes />
    </Module>
    <Module skippedDueTo="Filter" hash="78-5D-99-A3-90-D6-7D-1F-16-D9-6A-06-F5-95-F6-71-7F-58-02-21">
      <ModulePath>C:\Program Files\dotnet\shared\Microsoft.NETCore.App\1.1.2\System.IO.dll</ModulePath>
      <ModuleTime>2017-04-28T10:14:42Z</ModuleTime>
      <ModuleName>System.IO</ModuleName>
      <Classes />
    </Module>
    <Module skippedDueTo="Filter" hash="63-64-AB-6F-5E-F5-B9-37-89-35-3C-81-04-45-C2-0F-15-56-D3-51">
      <ModulePath>C:\Program Files\dotnet\shared\Microsoft.NETCore.App\1.1.2\System.Net.NameResolution.dll</ModulePath>
      <ModuleTime>2017-04-28T10:14:42Z</ModuleTime>
      <ModuleName>System.Net.NameResolution</ModuleName>
      <Classes />
    </Module>
    <Module skippedDueTo="MissingPdb" hash="5F-92-13-A5-8C-88-19-D7-D1-73-03-C8-16-CF-EA-52-2F-FB-2C-52">
      <ModulePath>C:\Program Files\dotnet\shared\Microsoft.NETCore.App\1.1.2\Microsoft.Win32.Primitives.dll</ModulePath>
      <ModuleTime>2017-04-28T10:14:42Z</ModuleTime>
      <ModuleName>Microsoft.Win32.Primitives</ModuleName>
      <Classes />
    </Module>
    <Module skippedDueTo="Filter" hash="1B-AA-3B-CA-50-E2-80-6B-60-67-7C-C3-F4-A5-B8-79-2C-13-B9-21">
      <ModulePath>C:\Program Files\dotnet\shared\Microsoft.NETCore.App\1.1.2\System.Threading.Overlapped.dll</ModulePath>
      <ModuleTime>2017-04-28T10:14:44Z</ModuleTime>
      <ModuleName>System.Threading.Overlapped</ModuleName>
      <Classes />
    </Module>
    <Module skippedDueTo="Filter" hash="19-9B-36-F3-9B-5D-D4-BA-DC-F0-86-22-BE-07-C3-D3-1F-20-85-51">
      <ModulePath>C:\Program Files\dotnet\shared\Microsoft.NETCore.App\1.1.2\System.Dynamic.Runtime.dll</ModulePath>
      <ModuleTime>2017-04-28T10:14:42Z</ModuleTime>
      <ModuleName>System.Dynamic.Runtime</ModuleName>
      <Classes />
    </Module>
    <Module skippedDueTo="Filter" hash="A4-26-C9-6D-38-FB-E9-0E-16-9E-D2-32-9E-E1-7B-75-39-C8-ED-A6">
      <ModulePath>C:\Program Files\dotnet\shared\Microsoft.NETCore.App\1.1.2\System.Linq.Expressions.dll</ModulePath>
      <ModuleTime>2017-04-28T10:14:42Z</ModuleTime>
      <ModuleName>System.Linq.Expressions</ModuleName>
      <Classes />
    </Module>
    <Module skippedDueTo="Filter" hash="0E-BC-DB-EA-6F-B6-35-F8-FE-F1-FE-47-90-D0-5B-FC-48-37-64-15">
      <ModulePath>C:\Program Files\dotnet\shared\Microsoft.NETCore.App\1.1.2\System.Xml.XDocument.dll</ModulePath>
      <ModuleTime>2017-04-28T10:14:44Z</ModuleTime>
      <ModuleName>System.Xml.XDocument</ModuleName>
      <Classes />
    </Module>
    <Module skippedDueTo="Filter" hash="48-CD-A8-F1-07-2A-81-32-33-9D-D3-62-EE-F0-D2-38-D3-6C-96-AD">
      <ModulePath>C:\Program Files\dotnet\shared\Microsoft.NETCore.App\1.1.2\System.Reflection.TypeExtensions.dll</ModulePath>
      <ModuleTime>2017-04-28T10:14:42Z</ModuleTime>
      <ModuleName>System.Reflection.TypeExtensions</ModuleName>
      <Classes />
    </Module>
    <Module skippedDueTo="Filter" hash="0D-EF-25-12-8E-F9-DE-53-84-FC-67-64-18-E4-CF-AB-85-AA-FE-84">
      <ModulePath>C:\Program Files\dotnet\shared\Microsoft.NETCore.App\1.1.2\System.Reflection.Emit.ILGeneration.dll</ModulePath>
      <ModuleTime>2017-04-28T10:14:42Z</ModuleTime>
      <ModuleName>System.Reflection.Emit.ILGeneration</ModuleName>
      <Classes />
    </Module>
    <Module skippedDueTo="Filter" hash="BC-CE-1D-B5-26-1A-F7-ED-59-2F-FB-AB-2E-B3-35-FE-4C-63-0C-F7">
      <ModulePath>C:\Program Files\dotnet\shared\Microsoft.NETCore.App\1.1.2\System.Reflection.Primitives.dll</ModulePath>
      <ModuleTime>2017-04-28T10:14:42Z</ModuleTime>
      <ModuleName>System.Reflection.Primitives</ModuleName>
      <Classes />
    </Module>
    <Module skippedDueTo="Filter" hash="2A-18-AC-D7-8A-DD-E8-21-EE-AC-4C-FC-C6-AB-6D-50-BC-EF-A5-FA">
      <ModulePath>C:\Program Files\dotnet\shared\Microsoft.NETCore.App\1.1.2\System.Reflection.Emit.Lightweight.dll</ModulePath>
      <ModuleTime>2017-04-28T10:14:42Z</ModuleTime>
      <ModuleName>System.Reflection.Emit.Lightweight</ModuleName>
      <Classes />
    </Module>
    <Module skippedDueTo="MissingPdb" hash="">
      <ModulePath>RefEmit_InMemoryManifestModule</ModulePath>
      <ModuleTime>0001-01-01T00:00:00</ModuleTime>
      <ModuleName>Anonymously Hosted DynamicMethods Assembly</ModuleName>
      <Classes />
    </Module>
    <Module skippedDueTo="Filter" hash="52-77-66-37-0D-AA-14-35-AB-03-CA-BD-69-1B-BB-CA-25-A0-A2-0F">
      <ModulePath>C:\Program Files\dotnet\shared\Microsoft.NETCore.App\1.1.2\System.Diagnostics.Debug.dll</ModulePath>
      <ModuleTime>2017-04-28T10:14:42Z</ModuleTime>
      <ModuleName>System.Diagnostics.Debug</ModuleName>
      <Classes />
    </Module>
    <Module skippedDueTo="Filter" hash="EC-3F-DD-FA-6A-85-25-D4-08-20-13-BB-37-41-01-E4-CC-7E-77-18">
      <ModulePath>C:\Program Files\dotnet\shared\Microsoft.NETCore.App\1.1.2\System.Private.Uri.dll</ModulePath>
      <ModuleTime>2017-04-28T10:14:42Z</ModuleTime>
      <ModuleName>System.Private.Uri</ModuleName>
      <Classes />
    </Module>
    <Module skippedDueTo="Filter" hash="55-88-D6-46-7F-54-65-DB-60-06-A3-82-60-D8-40-FB-BC-EC-D5-81">
      <ModulePath>C:\Program Files\dotnet\shared\Microsoft.NETCore.App\1.1.2\System.Reflection.dll</ModulePath>
      <ModuleTime>2017-04-28T10:14:42Z</ModuleTime>
      <ModuleName>System.Reflection</ModuleName>
      <Classes />
    </Module>
    <Module skippedDueTo="Filter" hash="3B-D7-1E-C0-84-4C-02-CB-97-4A-8E-2A-A0-0A-52-F7-08-D3-F0-8A">
      <ModulePath>C:\Program Files\dotnet\shared\Microsoft.NETCore.App\1.1.2\System.Reflection.Extensions.dll</ModulePath>
      <ModuleTime>2017-04-28T10:14:42Z</ModuleTime>
      <ModuleName>System.Reflection.Extensions</ModuleName>
      <Classes />
    </Module>
    <Module skippedDueTo="Filter" hash="64-11-3C-D9-70-FD-86-06-19-E7-CE-BB-44-52-18-81-48-85-9C-CA">
      <ModulePath>C:\Program Files\dotnet\shared\Microsoft.NETCore.App\1.1.2\System.Linq.dll</ModulePath>
      <ModuleTime>2017-04-28T10:14:42Z</ModuleTime>
      <ModuleName>System.Linq</ModuleName>
      <Classes />
    </Module>
    <Module skippedDueTo="Filter" hash="0C-9C-6E-C8-BB-14-8F-D9-84-AB-05-C3-62-92-0B-D2-DD-A3-CF-F7">
      <ModulePath>C:\Program Files\dotnet\shared\Microsoft.NETCore.App\1.1.2\System.ObjectModel.dll</ModulePath>
      <ModuleTime>2017-04-28T10:14:42Z</ModuleTime>
      <ModuleName>System.ObjectModel</ModuleName>
      <Classes />
    </Module>
    <Module skippedDueTo="Filter" hash="0E-BC-DB-EA-6F-B6-35-F8-FE-F1-FE-47-90-D0-5B-FC-48-37-64-15">
      <ModulePath>C:\Program Files\dotnet\shared\Microsoft.NETCore.App\1.1.2\System.Xml.XDocument.dll</ModulePath>
      <ModuleTime>2017-04-28T10:14:44Z</ModuleTime>
      <ModuleName>System.Xml.XDocument</ModuleName>
      <Classes />
    </Module>
    <Module skippedDueTo="Filter" hash="ED-44-0C-52-83-56-5A-A4-F7-3F-CF-A6-14-00-2E-CC-69-29-77-45">
      <ModulePath>C:\Program Files\dotnet\shared\Microsoft.NETCore.App\1.1.2\System.Xml.ReaderWriter.dll</ModulePath>
      <ModuleTime>2017-04-28T10:14:44Z</ModuleTime>
      <ModuleName>System.Xml.ReaderWriter</ModuleName>
      <Classes />
    </Module>
    <Module skippedDueTo="Filter" hash="38-39-1F-62-2B-DA-FD-5B-F5-3F-96-7D-3E-21-2F-AB-54-22-A0-44">
      <ModulePath>C:\Program Files\dotnet\shared\Microsoft.NETCore.App\1.1.2\System.Text.RegularExpressions.dll</ModulePath>
      <ModuleTime>2017-04-28T10:14:44Z</ModuleTime>
      <ModuleName>System.Text.RegularExpressions</ModuleName>
      <Classes />
    </Module>
    <Module skippedDueTo="Filter" hash="48-CD-A8-F1-07-2A-81-32-33-9D-D3-62-EE-F0-D2-38-D3-6C-96-AD">
      <ModulePath>C:\Program Files\dotnet\shared\Microsoft.NETCore.App\1.1.2\System.Reflection.TypeExtensions.dll</ModulePath>
      <ModuleTime>2017-04-28T10:14:42Z</ModuleTime>
      <ModuleName>System.Reflection.TypeExtensions</ModuleName>
      <Classes />
    </Module>
    <Module skippedDueTo="Filter" hash="0D-EF-25-12-8E-F9-DE-53-84-FC-67-64-18-E4-CF-AB-85-AA-FE-84">
      <ModulePath>C:\Program Files\dotnet\shared\Microsoft.NETCore.App\1.1.2\System.Reflection.Emit.ILGeneration.dll</ModulePath>
      <ModuleTime>2017-04-28T10:14:42Z</ModuleTime>
      <ModuleName>System.Reflection.Emit.ILGeneration</ModuleName>
      <Classes />
    </Module>
    <Module skippedDueTo="Filter" hash="BC-CE-1D-B5-26-1A-F7-ED-59-2F-FB-AB-2E-B3-35-FE-4C-63-0C-F7">
      <ModulePath>C:\Program Files\dotnet\shared\Microsoft.NETCore.App\1.1.2\System.Reflection.Primitives.dll</ModulePath>
      <ModuleTime>2017-04-28T10:14:42Z</ModuleTime>
      <ModuleName>System.Reflection.Primitives</ModuleName>
      <Classes />
    </Module>
    <Module skippedDueTo="Filter" hash="2A-18-AC-D7-8A-DD-E8-21-EE-AC-4C-FC-C6-AB-6D-50-BC-EF-A5-FA">
      <ModulePath>C:\Program Files\dotnet\shared\Microsoft.NETCore.App\1.1.2\System.Reflection.Emit.Lightweight.dll</ModulePath>
      <ModuleTime>2017-04-28T10:14:42Z</ModuleTime>
      <ModuleName>System.Reflection.Emit.Lightweight</ModuleName>
      <Classes />
    </Module>
    <Module skippedDueTo="MissingPdb" hash="">
      <ModulePath>RefEmit_InMemoryManifestModule</ModulePath>
      <ModuleTime>0001-01-01T00:00:00</ModuleTime>
      <ModuleName>Anonymously Hosted DynamicMethods Assembly</ModuleName>
      <Classes />
    </Module>
    <Module skippedDueTo="Filter" hash="78-80-49-A8-7E-78-47-11-2F-9D-DF-26-A7-C7-23-0B-07-D3-78-A0">
      <ModulePath>C:\Program Files\dotnet\shared\Microsoft.NETCore.App\1.1.2\System.IO.FileSystem.Primitives.dll</ModulePath>
      <ModuleTime>2017-04-28T10:14:42Z</ModuleTime>
      <ModuleName>System.IO.FileSystem.Primitives</ModuleName>
      <Classes />
    </Module>
    <Module skippedDueTo="Filter" hash="DB-F6-C2-1A-63-0D-74-B8-1B-CC-5D-59-8D-EA-2C-09-55-13-40-1D">
      <ModulePath>C:\Program Files\dotnet\shared\Microsoft.NETCore.App\1.1.2\System.IO.FileSystem.dll</ModulePath>
      <ModuleTime>2017-04-28T10:14:42Z</ModuleTime>
      <ModuleName>System.IO.FileSystem</ModuleName>
      <Classes />
    </Module>
    <Module skippedDueTo="Filter" hash="F3-70-6B-67-DF-E6-5C-1D-D6-F8-AB-B5-FA-33-AD-F0-00-C9-34-CB">
      <ModulePath>C:\Program Files\dotnet\shared\Microsoft.NETCore.App\1.1.2\System.Runtime.Loader.dll</ModulePath>
      <ModuleTime>2017-04-28T10:14:42Z</ModuleTime>
      <ModuleName>System.Runtime.Loader</ModuleName>
      <Classes />
    </Module>
    <Module skippedDueTo="Filter" hash="39-95-CB-43-60-44-C5-0A-ED-3C-D0-80-3B-AF-28-D9-93-F2-5C-70">
      <ModulePath>U:\projects\Bit0.Utils\tests\Generators\bin\Debug\netcoreapp1.1\xunit.runner.visualstudio.dotnetcore.testadapter.dll</ModulePath>
      <ModuleTime>2017-02-19T14:24:26Z</ModuleTime>
      <ModuleName>xunit.runner.visualstudio.dotnetcore.testadapter</ModuleName>
      <Classes />
    </Module>
    <Module skippedDueTo="Filter" hash="3F-67-C0-63-F5-26-AA-0D-5F-EF-F7-C8-D5-74-50-99-8E-97-44-9A">
      <ModulePath>U:\projects\Bit0.Utils\tests\Generators\bin\Debug\netcoreapp1.1\xunit.runner.utility.netstandard15.dll</ModulePath>
      <ModuleTime>2017-02-19T14:24:26Z</ModuleTime>
      <ModuleName>xunit.runner.utility.netstandard15</ModuleName>
      <Classes />
    </Module>
    <Module skippedDueTo="Filter" hash="0D-93-02-F5-BA-A6-97-B2-1E-7D-A1-81-8A-4F-5F-B9-97-BB-A9-BC">
      <ModulePath>C:\Users\User\.nuget\packages\xunit.abstractions\2.0.1\lib\netstandard1.0\xunit.abstractions.dll</ModulePath>
      <ModuleTime>2016-08-09T06:37:58Z</ModuleTime>
      <ModuleName>xunit.abstractions</ModuleName>
      <Classes />
    </Module>
    <Module skippedDueTo="Filter" hash="88-1B-B7-69-15-E8-07-F7-F7-98-D6-55-29-24-DF-38-0A-E3-E5-37">
      <ModulePath>C:\Program Files\dotnet\shared\Microsoft.NETCore.App\1.1.2\System.Threading.Timer.dll</ModulePath>
      <ModuleTime>2017-04-28T10:14:44Z</ModuleTime>
      <ModuleName>System.Threading.Timer</ModuleName>
      <Classes />
    </Module>
    <Module skippedDueTo="Filter" hash="82-AA-AB-21-2D-1F-5A-5D-76-88-BC-99-D2-AE-5F-27-5E-DE-40-3E">
      <ModulePath>C:\Program Files\dotnet\shared\Microsoft.NETCore.App\1.1.2\System.Text.Encoding.dll</ModulePath>
      <ModuleTime>2017-04-28T10:14:44Z</ModuleTime>
      <ModuleName>System.Text.Encoding</ModuleName>
      <Classes />
    </Module>
    <Module skippedDueTo="Filter" hash="90-6E-18-B7-7B-D5-0C-08-ED-AC-72-E5-0F-1E-D4-FE-CF-FB-E3-77">
      <ModulePath>C:\Program Files\dotnet\shared\Microsoft.NETCore.App\1.1.2\System.Xml.XmlDocument.dll</ModulePath>
      <ModuleTime>2017-04-28T10:14:44Z</ModuleTime>
      <ModuleName>System.Xml.XmlDocument</ModuleName>
      <Classes />
    </Module>
    <Module skippedDueTo="Filter" hash="56-E7-FE-76-AE-7C-2C-1F-18-49-23-EF-CB-03-07-CF-59-B2-70-00">
      <ModulePath>C:\Program Files\dotnet\shared\Microsoft.NETCore.App\1.1.2\System.Resources.ResourceManager.dll</ModulePath>
      <ModuleTime>2017-04-28T10:14:42Z</ModuleTime>
      <ModuleName>System.Resources.ResourceManager</ModuleName>
      <Classes />
    </Module>
    <Module skippedDueTo="Filter" hash="40-BC-A0-8B-FC-4B-6D-93-EC-A2-4F-36-D2-E1-21-59-B7-5F-BB-FF">
      <ModulePath>C:\Program Files\dotnet\shared\Microsoft.NETCore.App\1.1.2\System.Runtime.InteropServices.RuntimeInformation.dll</ModulePath>
      <ModuleTime>2017-04-28T10:14:42Z</ModuleTime>
      <ModuleName>System.Runtime.InteropServices.RuntimeInformation</ModuleName>
      <Classes />
    </Module>
    <Module skippedDueTo="MissingPdb" hash="10-51-97-2D-2B-7D-CB-66-93-6C-4F-3D-BF-18-62-BA-4D-54-90-2D">
      <ModulePath>C:\Users\User\.nuget\packages\microsoft.extensions.dependencymodel\1.1.0\lib\netstandard1.6\Microsoft.Extensions.DependencyModel.dll</ModulePath>
      <ModuleTime>2016-11-08T21:14:04Z</ModuleTime>
      <ModuleName>Microsoft.Extensions.DependencyModel</ModuleName>
      <Classes />
    </Module>
    <Module skippedDueTo="MissingPdb" hash="64-4E-36-E8-9E-2C-F7-DB-F8-3C-16-DC-A2-BC-3D-22-A2-4B-36-54">
      <ModulePath>C:\Users\User\.nuget\packages\microsoft.dotnet.platformabstractions\1.1.0\lib\netstandard1.3\Microsoft.DotNet.PlatformAbstractions.dll</ModulePath>
      <ModuleTime>2016-11-08T21:14:04Z</ModuleTime>
      <ModuleName>Microsoft.DotNet.PlatformAbstractions</ModuleName>
      <Classes />
    </Module>
    <Module skippedDueTo="Filter" hash="D8-9C-DB-90-B6-A6-96-ED-46-4A-C7-83-61-D8-89-3C-5D-D0-66-B7">
      <ModulePath>C:\Program Files\dotnet\shared\Microsoft.NETCore.App\1.1.2\System.Console.dll</ModulePath>
      <ModuleTime>2017-04-28T10:14:42Z</ModuleTime>
      <ModuleName>System.Console</ModuleName>
      <Classes />
    </Module>
    <Module skippedDueTo="Filter" hash="84-8C-9D-01-05-23-E5-1B-ED-E4-38-4D-23-48-BB-27-E3-CA-C3-A6">
      <ModulePath>C:\Program Files\dotnet\shared\Microsoft.NETCore.App\1.1.2\System.AppContext.dll</ModulePath>
      <ModuleTime>2017-04-28T10:14:42Z</ModuleTime>
      <ModuleName>System.AppContext</ModuleName>
      <Classes />
    </Module>
    <Module skippedDueTo="MissingPdb" hash="E2-81-E8-90-C9-C0-EA-15-66-61-42-95-7F-E2-D0-ED-FB-3D-DA-AD">
      <ModulePath>U:\projects\Bit0.Utils\tests\Generators\bin\Debug\netcoreapp1.1\Bit0.Utils.Tests.Generators.dll</ModulePath>
      <ModuleTime>2017-09-07T19:05:58.8523186Z</ModuleTime>
      <ModuleName>Bit0.Utils.Tests.Generators</ModuleName>
      <Classes />
    </Module>
    <Module skippedDueTo="Filter" hash="E4-E4-DC-5C-97-8F-CA-3F-00-92-65-00-69-A3-6B-E6-F0-D5-C2-38">
[...]
      <ModuleName>Microsoft.CodeAnalysis</ModuleName>
      <Classes />
    </Module>
    <Module skippedDueTo="Filter" hash="53-56-E6-01-0C-EB-03-CF-02-00-68-36-B6-9F-0B-7D-16-4B-1F-AC">
      <ModulePath>C:\Program Files\dotnet\shared\Microsoft.NETCore.App\1.1.2\System.Reflection.Metadata.dll</ModulePath>
      <ModuleTime>2017-04-28T10:14:42Z</ModuleTime>
      <ModuleName>System.Reflection.Metadata</ModuleName>
      <Classes />
    </Module>
    <Module skippedDueTo="Filter" hash="A3-EB-3E-59-57-17-D0-37-CA-36-05-FF-A0-3B-59-18-A7-CC-C5-61">
      <ModulePath>C:\Program Files\dotnet\shared\Microsoft.NETCore.App\1.1.2\System.Collections.Immutable.dll</ModulePath>
      <ModuleTime>2017-04-28T10:14:42Z</ModuleTime>
      <ModuleName>System.Collections.Immutable</ModuleName>
      <Classes />
    </Module>
    <Module skippedDueTo="Filter" hash="54-EA-BB-3A-EC-62-4C-13-11-58-A6-B9-AB-E5-E8-E8-31-3D-87-D7">
      <ModulePath>C:\Program Files\dotnet\shared\Microsoft.NETCore.App\1.1.2\System.Runtime.Numerics.dll</ModulePath>
      <ModuleTime>2017-04-28T10:14:42Z</ModuleTime>
      <ModuleName>System.Runtime.Numerics</ModuleName>
      <Classes />
    </Module>
    <Module skippedDueTo="MissingPdb" hash="82-4E-F8-18-5B-E3-F5-7C-55-E9-B5-70-2A-64-07-EE-17-41-A7-CA">
      <ModulePath>C:\Program Files\dotnet\shared\Microsoft.NETCore.App\1.1.2\Microsoft.CodeAnalysis.CSharp.dll</ModulePath>
      <ModuleTime>2017-04-28T10:14:42Z</ModuleTime>
      <ModuleName>Microsoft.CodeAnalysis.CSharp</ModuleName>
      <Classes />
    </Module>
    <Module skippedDueTo="Filter" hash="B2-79-8E-42-79-66-46-E5-BB-FA-80-DB-A4-98-64-E6-F3-34-CE-87">
      <ModulePath>C:\Program Files\dotnet\shared\Microsoft.NETCore.App\1.1.2\System.Collections.Concurrent.dll</ModulePath>
      <ModuleTime>2017-04-28T10:14:42Z</ModuleTime>
      <ModuleName>System.Collections.Concurrent</ModuleName>
      <Classes />
    </Module>
    <Module skippedDueTo="MissingPdb" hash="1F-C4-DF-63-8E-79-A1-01-6E-E3-D4-BB-3B-85-8F-CA-04-25-97-8A">
      <ModulePath>C:\Program Files\dotnet\shared\Microsoft.NETCore.App\1.1.2\Microsoft.CodeAnalysis.VisualBasic.dll</ModulePath>
      <ModuleTime>2017-04-28T10:14:44Z</ModuleTime>
      <ModuleName>Microsoft.CodeAnalysis.VisualBasic</ModuleName>
      <Classes />
    </Module>
    <Module skippedDueTo="MissingPdb" hash="51-2F-D6-84-D8-A6-BD-56-44-1D-39-75-C7-94-88-B4-E6-EE-49-FD">
      <ModulePath>C:\Program Files\dotnet\shared\Microsoft.NETCore.App\1.1.2\Microsoft.CSharp.dll</ModulePath>
      <ModuleTime>2017-04-28T10:14:42Z</ModuleTime>
      <ModuleName>Microsoft.CSharp</ModuleName>
      <Classes />
    </Module>
    <Module skippedDueTo="Filter" hash="17-B0-51-66-CE-25-F9-22-9C-36-D7-71-53-0A-5A-E2-08-96-33-6A">
      <ModulePath>C:\Program Files\dotnet\shared\Microsoft.NETCore.App\1.1.2\Microsoft.VisualBasic.dll</ModulePath>
      <ModuleTime>2017-04-28T10:14:42Z</ModuleTime>
      <ModuleName>Microsoft.VisualBasic</ModuleName>
      <Classes />
    </Module>
    <Module skippedDueTo="MissingPdb" hash="59-9F-7D-FA-96-ED-0B-41-ED-FD-C9-2E-25-80-1B-1F-E0-2A-66-6F">
      <ModulePath>C:\Program Files\dotnet\shared\Microsoft.NETCore.App\1.1.2\Microsoft.Win32.Registry.dll</ModulePath>
      <ModuleTime>2017-04-28T10:14:42Z</ModuleTime>
      <ModuleName>Microsoft.Win32.Registry</ModuleName>
      <Classes />
    </Module>
    <Module skippedDueTo="Filter" hash="95-31-50-64-C3-65-6D-48-52-4C-C6-2C-74-B2-97-E9-97-84-AD-8A">
      <ModulePath>C:\Program Files\dotnet\shared\Microsoft.NETCore.App\1.1.2\System.Diagnostics.Tools.dll</ModulePath>
      <ModuleTime>2017-04-28T10:14:42Z</ModuleTime>
      <ModuleName>System.Diagnostics.Tools</ModuleName>
      <Classes />
    </Module>
    <Module skippedDueTo="Filter" hash="AA-CE-74-D6-DE-29-67-E0-3E-8D-BE-B8-59-F5-58-38-20-69-DE-F2">
      <ModulePath>C:\Program Files\dotnet\shared\Microsoft.NETCore.App\1.1.2\System.Globalization.Calendars.dll</ModulePath>
      <ModuleTime>2017-04-28T10:14:42Z</ModuleTime>
      <ModuleName>System.Globalization.Calendars</ModuleName>
      <Classes />
    </Module>
    <Module skippedDueTo="Filter" hash="CC-99-C9-08-66-31-C3-65-73-4B-3D-54-80-D9-17-F0-A3-79-96-74">
      <ModulePath>C:\Program Files\dotnet\shared\Microsoft.NETCore.App\1.1.2\System.Text.Encoding.Extensions.dll</ModulePath>
      <ModuleTime>2017-04-28T10:14:44Z</ModuleTime>
      <ModuleName>System.Text.Encoding.Extensions</ModuleName>
      <Classes />
    </Module>
    <Module skippedDueTo="MissingPdb" hash="D4-11-1C-F8-AD-8D-50-56-8A-E5-8F-60-8C-AD-D9-E7-1F-AA-63-94">
      <ModulePath>C:\Program Files\dotnet\shared\Microsoft.NETCore.App\1.1.2\SOS.NETCore.dll</ModulePath>
      <ModuleTime>2017-04-28T10:14:42Z</ModuleTime>
      <ModuleName>SOS.NETCore</ModuleName>
      <Classes />
    </Module>
    <Module skippedDueTo="Filter" hash="79-CA-61-62-F0-40-B9-2E-3D-34-CE-45-61-87-69-E5-38-49-4E-E0">
      <ModulePath>C:\Program Files\dotnet\shared\Microsoft.NETCore.App\1.1.2\System.Buffers.dll</ModulePath>
      <ModuleTime>2017-04-28T10:14:42Z</ModuleTime>
      <ModuleName>System.Buffers</ModuleName>
      <Classes />
    </Module>
    <Module skippedDueTo="Filter" hash="61-6F-B4-4E-1D-09-27-71-B7-06-C4-0A-8F-86-B3-AD-FD-99-AA-80">
      <ModulePath>C:\Program Files\dotnet\shared\Microsoft.NETCore.App\1.1.2\System.ComponentModel.Annotations.dll</ModulePath>
      <ModuleTime>2017-04-28T10:14:42Z</ModuleTime>
      <ModuleName>System.ComponentModel.Annotations</ModuleName>
      <Classes />
    </Module>
    <Module skippedDueTo="Filter" hash="5A-10-EA-53-BB-1B-3C-B2-46-74-D0-23-43-23-B3-38-78-63-91-7A">
      <ModulePath>C:\Program Files\dotnet\shared\Microsoft.NETCore.App\1.1.2\System.Diagnostics.DiagnosticSource.dll</ModulePath>
      <ModuleTime>2017-04-28T10:14:42Z</ModuleTime>
      <ModuleName>System.Diagnostics.DiagnosticSource</ModuleName>
      <Classes />
    </Module>
    <Module skippedDueTo="Filter" hash="94-61-F8-A6-90-99-47-5C-1E-82-0E-40-50-13-0A-30-8D-15-43-D7">
      <ModulePath>C:\Program Files\dotnet\shared\Microsoft.NETCore.App\1.1.2\System.Diagnostics.FileVersionInfo.dll</ModulePath>
      <ModuleTime>2017-04-28T10:14:42Z</ModuleTime>
      <ModuleName>System.Diagnostics.FileVersionInfo</ModuleName>
      <Classes />
    </Module>
    <Module skippedDueTo="Filter" hash="E4-4C-9C-8D-4F-57-CD-1C-99-0A-C8-94-31-F1-D0-9F-71-56-1A-70">
      <ModulePath>C:\Program Files\dotnet\shared\Microsoft.NETCore.App\1.1.2\System.Diagnostics.StackTrace.dll</ModulePath>
      <ModuleTime>2017-04-28T10:14:42Z</ModuleTime>
      <ModuleName>System.Diagnostics.StackTrace</ModuleName>
      <Classes />
    </Module>
    <Module skippedDueTo="Filter" hash="55-CF-5B-21-AA-64-B0-10-D1-F1-13-00-8D-4F-2C-CF-BE-74-B3-4D">
      <ModulePath>C:\Program Files\dotnet\shared\Microsoft.NETCore.App\1.1.2\System.Globalization.Extensions.dll</ModulePath>
      <ModuleTime>2017-04-28T10:14:42Z</ModuleTime>
      <ModuleName>System.Globalization.Extensions</ModuleName>
      <Classes />
    </Module>
    <Module skippedDueTo="Filter" hash="0D-98-EB-0F-BD-11-84-BB-29-71-B0-04-62-CB-D0-01-DD-9D-54-D0">
      <ModulePath>C:\Program Files\dotnet\shared\Microsoft.NETCore.App\1.1.2\System.IO.Compression.dll</ModulePath>
      <ModuleTime>2017-04-28T10:14:42Z</ModuleTime>
      <ModuleName>System.IO.Compression</ModuleName>
      <Classes />
    </Module>
    <Module skippedDueTo="Filter" hash="D8-A2-D1-41-C1-45-71-C9-75-2C-0E-AB-7B-45-D9-52-24-F9-01-B6">
      <ModulePath>C:\Program Files\dotnet\shared\Microsoft.NETCore.App\1.1.2\System.IO.Compression.ZipFile.dll</ModulePath>
      <ModuleTime>2017-04-28T10:14:42Z</ModuleTime>
      <ModuleName>System.IO.Compression.ZipFile</ModuleName>
      <Classes />
    </Module>
    <Module skippedDueTo="Filter" hash="FC-C3-1D-10-E4-D0-FE-56-B7-4E-73-BD-67-63-FA-68-EF-50-B8-C1">
      <ModulePath>C:\Program Files\dotnet\shared\Microsoft.NETCore.App\1.1.2\System.IO.FileSystem.Watcher.dll</ModulePath>
      <ModuleTime>2017-04-28T10:14:42Z</ModuleTime>
      <ModuleName>System.IO.FileSystem.Watcher</ModuleName>
      <Classes />
    </Module>
    <Module skippedDueTo="Filter" hash="96-56-69-A3-E0-D9-40-CE-59-42-D4-C5-D9-A2-8D-F4-42-E9-25-0F">
      <ModulePath>C:\Program Files\dotnet\shared\Microsoft.NETCore.App\1.1.2\System.IO.MemoryMappedFiles.dll</ModulePath>
      <ModuleTime>2017-04-28T10:14:42Z</ModuleTime>
      <ModuleName>System.IO.MemoryMappedFiles</ModuleName>
      <Classes />
    </Module>
    <Module skippedDueTo="Filter" hash="79-27-A4-64-B0-4E-8F-BF-E1-BA-32-B2-E3-0B-1E-20-BD-35-3C-CB">
      <ModulePath>C:\Program Files\dotnet\shared\Microsoft.NETCore.App\1.1.2\System.IO.UnmanagedMemoryStream.dll</ModulePath>
      <ModuleTime>2017-04-28T10:14:42Z</ModuleTime>
      <ModuleName>System.IO.UnmanagedMemoryStream</ModuleName>
      <Classes />
    </Module>
    <Module skippedDueTo="Filter" hash="FC-32-D7-1B-85-EE-B0-10-5B-9C-CE-6F-E8-D3-40-EB-D9-63-00-26">
      <ModulePath>C:\Program Files\dotnet\shared\Microsoft.NETCore.App\1.1.2\System.Linq.Parallel.dll</ModulePath>
      <ModuleTime>2017-04-28T10:14:42Z</ModuleTime>
      <ModuleName>System.Linq.Parallel</ModuleName>
      <Classes />
    </Module>
    <Module skippedDueTo="Filter" hash="3C-EF-C0-CD-A5-F0-D1-32-C6-07-A0-E7-35-99-A5-1B-79-4D-D5-E3">
      <ModulePath>C:\Program Files\dotnet\shared\Microsoft.NETCore.App\1.1.2\System.Linq.Queryable.dll</ModulePath>
      <ModuleTime>2017-04-28T10:14:42Z</ModuleTime>
      <ModuleName>System.Linq.Queryable</ModuleName>
      <Classes />
    </Module>
    <Module skippedDueTo="Filter" hash="14-B7-8E-89-03-6B-78-3E-65-DB-01-95-27-A3-32-28-1E-E1-0E-99">
      <ModulePath>C:\Program Files\dotnet\shared\Microsoft.NETCore.App\1.1.2\System.Net.Http.dll</ModulePath>
      <ModuleTime>2017-04-28T10:14:42Z</ModuleTime>
      <ModuleName>System.Net.Http</ModuleName>
      <Classes />
    </Module>
    <Module skippedDueTo="Filter" hash="96-35-4E-82-AF-44-1D-32-F0-C4-FE-1B-59-9D-22-9D-7E-9C-DF-A4">
      <ModulePath>C:\Program Files\dotnet\shared\Microsoft.NETCore.App\1.1.2\System.Net.Requests.dll</ModulePath>
      <ModuleTime>2017-04-28T10:14:42Z</ModuleTime>
      <ModuleName>System.Net.Requests</ModuleName>
      <Classes />
    </Module>
    <Module skippedDueTo="Filter" hash="0A-B8-F2-9D-3D-C0-70-7D-D2-B1-90-85-D1-A6-9D-CB-56-61-26-87">
      <ModulePath>C:\Program Files\dotnet\shared\Microsoft.NETCore.App\1.1.2\System.Net.Security.dll</ModulePath>
      <ModuleTime>2017-04-28T10:14:42Z</ModuleTime>
      <ModuleName>System.Net.Security</ModuleName>
      <Classes />
    </Module>
    <Module skippedDueTo="Filter" hash="E7-C5-FA-C1-20-0B-1A-25-54-82-25-B9-AE-70-35-88-24-5F-4B-6C">
      <ModulePath>C:\Program Files\dotnet\shared\Microsoft.NETCore.App\1.1.2\System.Security.Principal.dll</ModulePath>
      <ModuleTime>2017-04-28T10:14:44Z</ModuleTime>
      <ModuleName>System.Security.Principal</ModuleName>
      <Classes />
    </Module>
    <Module skippedDueTo="Filter" hash="21-C9-8D-C8-5E-B8-B6-CC-1F-B3-BD-23-47-20-71-4E-30-6B-56-9B">
      <ModulePath>C:\Program Files\dotnet\shared\Microsoft.NETCore.App\1.1.2\System.Security.Cryptography.X509Certificates.dll</ModulePath>
      <ModuleTime>2017-04-28T10:14:44Z</ModuleTime>
      <ModuleName>System.Security.Cryptography.X509Certificates</ModuleName>
      <Classes />
    </Module>
    <Module skippedDueTo="Filter" hash="6D-E1-67-33-04-BA-97-36-53-92-FB-FF-A0-D1-26-35-A2-FB-59-CF">
      <ModulePath>C:\Program Files\dotnet\shared\Microsoft.NETCore.App\1.1.2\System.Net.WebHeaderCollection.dll</ModulePath>
      <ModuleTime>2017-04-28T10:14:42Z</ModuleTime>
      <ModuleName>System.Net.WebHeaderCollection</ModuleName>
      <Classes />
    </Module>
    <Module skippedDueTo="Filter" hash="A6-15-91-A4-66-47-85-A9-44-9E-84-34-0F-71-EF-E6-54-7D-D0-66">
      <ModulePath>C:\Program Files\dotnet\shared\Microsoft.NETCore.App\1.1.2\System.Numerics.Vectors.dll</ModulePath>
      <ModuleTime>2017-04-28T10:14:42Z</ModuleTime>
      <ModuleName>System.Numerics.Vectors</ModuleName>
      <Classes />
    </Module>
    <Module skippedDueTo="Filter" hash="8A-33-4F-3A-C9-40-97-CA-6C-B9-67-45-29-2A-F6-37-50-B1-64-FF">
      <ModulePath>C:\Program Files\dotnet\shared\Microsoft.NETCore.App\1.1.2\System.Reflection.DispatchProxy.dll</ModulePath>
      <ModuleTime>2017-04-28T10:14:42Z</ModuleTime>
      <ModuleName>System.Reflection.DispatchProxy</ModuleName>
      <Classes />
    </Module>
    <Module skippedDueTo="Filter" hash="1C-40-B6-FE-04-E7-17-C7-F6-8E-0E-D9-4F-52-DD-BF-B8-90-8E-62">
      <ModulePath>C:\Program Files\dotnet\shared\Microsoft.NETCore.App\1.1.2\System.Reflection.Emit.dll</ModulePath>
      <ModuleTime>2017-04-28T10:14:42Z</ModuleTime>
      <ModuleName>System.Reflection.Emit</ModuleName>
      <Classes />
    </Module>
    <Module skippedDueTo="Filter" hash="FA-AF-E1-CA-D2-AD-DD-35-47-C7-84-65-E4-9B-5C-D2-CC-0E-AB-E7">
      <ModulePath>C:\Program Files\dotnet\shared\Microsoft.NETCore.App\1.1.2\System.Resources.Reader.dll</ModulePath>
      <ModuleTime>2017-04-28T10:14:42Z</ModuleTime>
      <ModuleName>System.Resources.Reader</ModuleName>
      <Classes />
    </Module>
    <Module skippedDueTo="Filter" hash="92-0C-0D-A5-48-27-EC-43-CE-FF-32-D3-EA-9A-A3-18-F6-7F-E8-DE">
      <ModulePath>C:\Program Files\dotnet\shared\Microsoft.NETCore.App\1.1.2\System.Security.Claims.dll</ModulePath>
      <ModuleTime>2017-04-28T10:14:42Z</ModuleTime>
      <ModuleName>System.Security.Claims</ModuleName>
      <Classes />
    </Module>
    <Module skippedDueTo="Filter" hash="FC-53-73-D5-A9-A9-31-6A-68-BA-1B-85-DC-CC-1A-6A-F6-F6-A8-F0">
      <ModulePath>C:\Program Files\dotnet\shared\Microsoft.NETCore.App\1.1.2\System.Security.Cryptography.Algorithms.dll</ModulePath>
      <ModuleTime>2017-04-28T10:14:42Z</ModuleTime>
      <ModuleName>System.Security.Cryptography.Algorithms</ModuleName>
      <Classes />
    </Module>
    <Module skippedDueTo="Filter" hash="FA-EA-A5-46-19-4B-AF-1D-DA-8A-8A-47-88-8A-67-46-94-5F-D6-A1">
      <ModulePath>C:\Program Files\dotnet\shared\Microsoft.NETCore.App\1.1.2\System.Security.Cryptography.Primitives.dll</ModulePath>
      <ModuleTime>2017-04-28T10:14:44Z</ModuleTime>
      <ModuleName>System.Security.Cryptography.Primitives</ModuleName>
      <Classes />
    </Module>
    <Module skippedDueTo="Filter" hash="B4-B9-CB-11-85-B6-6F-8B-7E-5C-AE-64-A1-D6-D2-E9-1B-93-B2-0D">
      <ModulePath>C:\Program Files\dotnet\shared\Microsoft.NETCore.App\1.1.2\System.Security.Cryptography.Encoding.dll</ModulePath>
      <ModuleTime>2017-04-28T10:14:44Z</ModuleTime>
      <ModuleName>System.Security.Cryptography.Encoding</ModuleName>
      <Classes />
    </Module>
    <Module skippedDueTo="Filter" hash="70-97-6B-8D-68-E5-0C-F3-B8-17-8A-EF-59-DB-29-52-78-44-FF-CA">
      <ModulePath>C:\Program Files\dotnet\shared\Microsoft.NETCore.App\1.1.2\System.Security.Cryptography.Cng.dll</ModulePath>
      <ModuleTime>2017-04-28T10:14:42Z</ModuleTime>
      <ModuleName>System.Security.Cryptography.Cng</ModuleName>
      <Classes />
    </Module>
    <Module skippedDueTo="Filter" hash="08-C5-08-58-D2-A4-A8-C6-52-FA-81-20-BD-85-B7-B0-F8-9F-F8-DE">
      <ModulePath>C:\Program Files\dotnet\shared\Microsoft.NETCore.App\1.1.2\System.Security.Cryptography.Csp.dll</ModulePath>
      <ModuleTime>2017-04-28T10:14:42Z</ModuleTime>
      <ModuleName>System.Security.Cryptography.Csp</ModuleName>
      <Classes />
    </Module>
    <Module skippedDueTo="Filter" hash="B0-11-A9-02-1B-91-76-D9-FE-CA-B1-E7-D7-4D-A7-62-8F-74-5A-4F">
      <ModulePath>C:\Program Files\dotnet\shared\Microsoft.NETCore.App\1.1.2\System.Security.Cryptography.OpenSsl.dll</ModulePath>
      <ModuleTime>2017-04-28T10:14:44Z</ModuleTime>
      <ModuleName>System.Security.Cryptography.OpenSsl</ModuleName>
      <Classes />
    </Module>
    <Module skippedDueTo="Filter" hash="EE-E1-9F-3E-08-A6-4E-D8-CF-28-3A-78-2F-F2-E9-16-5D-FD-7C-42">
      <ModulePath>C:\Program Files\dotnet\shared\Microsoft.NETCore.App\1.1.2\System.Security.Principal.Windows.dll</ModulePath>
      <ModuleTime>2017-04-28T10:14:44Z</ModuleTime>
      <ModuleName>System.Security.Principal.Windows</ModuleName>
      <Classes />
    </Module>
    <Module skippedDueTo="Filter" hash="8F-D3-37-EA-78-8F-12-00-01-23-46-CF-2B-39-C6-0F-B5-9B-AF-6D">
      <ModulePath>C:\Program Files\dotnet\shared\Microsoft.NETCore.App\1.1.2\System.Text.Encoding.CodePages.dll</ModulePath>
      <ModuleTime>2017-04-28T10:14:44Z</ModuleTime>
      <ModuleName>System.Text.Encoding.CodePages</ModuleName>
      <Classes />
    </Module>
    <Module skippedDueTo="Filter" hash="BA-85-18-37-1F-3E-E8-7F-BA-F2-C9-40-E1-5C-6E-4E-E4-59-E9-DD">
      <ModulePath>C:\Program Files\dotnet\shared\Microsoft.NETCore.App\1.1.2\System.Threading.Tasks.Dataflow.dll</ModulePath>
      <ModuleTime>2017-04-28T10:14:44Z</ModuleTime>
      <ModuleName>System.Threading.Tasks.Dataflow</ModuleName>
      <Classes />
    </Module>
    <Module skippedDueTo="Filter" hash="B5-2F-85-A5-2F-3B-19-55-3B-BD-64-D1-C1-09-23-57-D4-43-1C-B4">
      <ModulePath>C:\Program Files\dotnet\shared\Microsoft.NETCore.App\1.1.2\System.Threading.Tasks.Extensions.dll</ModulePath>
      <ModuleTime>2017-04-28T10:14:44Z</ModuleTime>
      <ModuleName>System.Threading.Tasks.Extensions</ModuleName>
      <Classes />
    </Module>
    <Module skippedDueTo="Filter" hash="1D-ED-DF-42-56-DD-12-67-EF-C3-94-70-2D-FA-AB-57-2A-97-6B-5B">
      <ModulePath>C:\Program Files\dotnet\shared\Microsoft.NETCore.App\1.1.2\System.Threading.Tasks.Parallel.dll</ModulePath>
      <ModuleTime>2017-04-28T10:14:44Z</ModuleTime>
      <ModuleName>System.Threading.Tasks.Parallel</ModuleName>
      <Classes />
    </Module>
    <Module skippedDueTo="Filter" hash="70-E5-DB-03-3C-B2-C5-B8-33-EB-56-7C-D6-F3-5C-00-C9-47-90-91">
      <ModulePath>C:\Program Files\dotnet\shared\Microsoft.NETCore.App\1.1.2\System.Xml.XPath.XDocument.dll</ModulePath>
      <ModuleTime>2017-04-28T10:14:44Z</ModuleTime>
      <ModuleName>System.Xml.XPath.XDocument</ModuleName>
      <Classes />
    </Module>
    <Module skippedDueTo="Filter" hash="4C-41-23-CC-68-44-BC-96-7A-9A-5F-43-91-98-C4-D2-3C-39-96-7D">
      <ModulePath>U:\projects\Bit0.Utils\tests\Generators\bin\Debug\netcoreapp1.1\xunit.runner.reporters.netstandard15.dll</ModulePath>
      <ModuleTime>2017-02-19T14:24:26Z</ModuleTime>
      <ModuleName>xunit.runner.reporters.netstandard15</ModuleName>
      <Classes />
    </Module>
    <Module skippedDueTo="Filter" hash="81-CD-53-94-0B-4A-42-C6-E1-C9-B5-A0-9F-9C-08-A2-29-C8-37-C2">
      <ModulePath>C:\Program Files\dotnet\sdk\1.0.4\System.ComponentModel.TypeConverter.dll</ModulePath>
      <ModuleTime>2017-05-04T13:17:42Z</ModuleTime>
      <ModuleName>System.ComponentModel.TypeConverter</ModuleName>
      <Classes />
    </Module>
    <Module skippedDueTo="Filter" hash="F7-8F-A4-2F-64-69-5F-F0-AB-EF-BD-9A-D5-ED-C0-80-DE-EB-A0-60">
      <ModulePath>C:\Program Files\dotnet\sdk\1.0.4\System.Collections.NonGeneric.dll</ModulePath>
      <ModuleTime>2017-05-04T13:17:42Z</ModuleTime>
      <ModuleName>System.Collections.NonGeneric</ModuleName>
      <Classes />
    </Module>
    <Module skippedDueTo="Filter" hash="18-09-93-26-68-DE-11-C1-1F-66-BB-96-1B-C4-9F-79-F4-BF-25-6F">
      <ModulePath>C:\Program Files\dotnet\sdk\1.0.4\System.Collections.Specialized.dll</ModulePath>
      <ModuleTime>2017-05-04T13:17:42Z</ModuleTime>
      <ModuleName>System.Collections.Specialized</ModuleName>
      <Classes />
    </Module>
    <Module skippedDueTo="Filter" hash="6B-5F-AA-D0-1F-6F-2D-8D-0F-85-72-46-16-DA-E8-C1-1F-99-76-E6">
      <ModulePath>C:\Program Files\dotnet\sdk\1.0.4\System.ComponentModel.Primitives.dll</ModulePath>
      <ModuleTime>2017-05-04T13:17:42Z</ModuleTime>
      <ModuleName>System.ComponentModel.Primitives</ModuleName>
      <Classes />
    </Module>
  </Modules>
</CoverageSession>